This file contains any messages produced by compilers while
running configure, to aid debugging if configure makes a mistake.

It was created by Extended Template Library configure 1.5.1, which was
generated by GNU Autoconf 2.69.  Invocation command line was

  $ /home/incogninto1-1/synfig/ETL/configure --prefix=/home/incogninto1-1/synfig/_production/build --includedir=/home/incogninto1-1/synfig/_production/build/include

## --------- ##
## Platform. ##
## --------- ##

hostname = raspberrypi
uname -m = aarch64
uname -r = 5.15.32-v8+
uname -s = Linux
uname -v = #1538 SMP PREEMPT Thu Mar 31 19:40:39 BST 2022

/usr/bin/uname -p = unknown
/bin/uname -X     = unknown

/bin/arch              = aarch64
/usr/bin/arch -k       = unknown
/usr/convex/getsysinfo = unknown
/usr/bin/hostinfo      = unknown
/bin/machine           = unknown
/usr/bin/oslevel       = unknown
/bin/universe          = unknown

PATH: /home/incogninto1-1/synfig/_production/build/bin
PATH: /usr/local/sbin
PATH: /usr/local/bin
PATH: /usr/sbin
PATH: /usr/bin
PATH: /sbin
PATH: /bin


## ----------- ##
## Core tests. ##
## ----------- ##

configure:2271: checking whether make supports nested variables
configure:2288: result: yes
configure:2335: checking build system type
configure:2349: result: aarch64-unknown-linux-gnu
configure:2369: checking host system type
configure:2382: result: aarch64-unknown-linux-gnu
configure:2402: checking target system type
configure:2415: result: aarch64-unknown-linux-gnu
configure:2458: checking for a BSD-compatible install
configure:2526: result: /usr/bin/install -c
configure:2537: checking whether build environment is sane
configure:2592: result: yes
configure:2738: checking for a thread-safe mkdir -p
configure:2777: result: /usr/bin/mkdir -p
configure:2784: checking for gawk
configure:2814: result: no
configure:2784: checking for mawk
configure:2800: found /usr/bin/mawk
configure:2811: result: mawk
configure:2822: checking whether make sets $(MAKE)
configure:2844: result: yes
configure:2969: checking whether to enable maintainer-specific portions of Makefiles
configure:2978: result: no
configure:3010: checking whether make supports the include directive
configure:3025: make -f confmf.GNU && cat confinc.out
this is the am__doit target
configure:3028: $? = 0
configure:3047: result: yes (GNU style)
configure:3127: checking for g++
configure:3143: found /usr/bin/g++
configure:3154: result: g++
configure:3181: checking for C++ compiler version
configure:3190: g++ --version >&5
g++ (Debian 10.2.1-6) 10.2.1 20210110
Copyright (C) 2020 Free Software Foundation, Inc.
This is free software; see the source for copying conditions.  There is NO
warranty; not even for MERCHANTABILITY or FITNESS FOR A PARTICULAR PURPOSE.

configure:3201: $? = 0
configure:3190: g++ -v >&5
Using built-in specs.
COLLECT_GCC=g++
COLLECT_LTO_WRAPPER=/usr/lib/gcc/aarch64-linux-gnu/10/lto-wrapper
Target: aarch64-linux-gnu
Configured with: ../src/configure -v --with-pkgversion='Debian 10.2.1-6' --with-bugurl=file:///usr/share/doc/gcc-10/README.Bugs --enable-languages=c,ada,c++,go,d,fortran,objc,obj-c++,m2 --prefix=/usr --with-gcc-major-version-only --program-suffix=-10 --program-prefix=aarch64-linux-gnu- --enable-shared --enable-linker-build-id --libexecdir=/usr/lib --without-included-gettext --enable-threads=posix --libdir=/usr/lib --enable-nls --enable-bootstrap --enable-clocale=gnu --enable-libstdcxx-debug --enable-libstdcxx-time=yes --with-default-libstdcxx-abi=new --enable-gnu-unique-object --disable-libquadmath --disable-libquadmath-support --enable-plugin --enable-default-pie --with-system-zlib --enable-libphobos-checking=release --with-target-system-zlib=auto --enable-objc-gc=auto --enable-multiarch --enable-fix-cortex-a53-843419 --disable-werror --enable-checking=release --build=aarch64-linux-gnu --host=aarch64-linux-gnu --target=aarch64-linux-gnu --with-build-config=bootstrap-lto-lean --enable-link-mutex
Thread model: posix
Supported LTO compression algorithms: zlib zstd
gcc version 10.2.1 20210110 (Debian 10.2.1-6) 
configure:3201: $? = 0
configure:3190: g++ -V >&5
g++: error: unrecognized command-line option '-V'
g++: fatal error: no input files
compilation terminated.
configure:3201: $? = 1
configure:3190: g++ -qversion >&5
g++: error: unrecognized command-line option '-qversion'; did you mean '--version'?
g++: fatal error: no input files
compilation terminated.
configure:3201: $? = 1
configure:3221: checking whether the C++ compiler works
configure:3243: g++ -fdiagnostics-color=always   -Wl,-rpath -Wl,\$$ORIGIN/lib  conftest.cpp  >&5
configure:3247: $? = 0
configure:3295: result: yes
configure:3298: checking for C++ compiler default output file name
configure:3300: result: a.out
configure:3306: checking for suffix of executables
configure:3313: g++ -o conftest -fdiagnostics-color=always   -Wl,-rpath -Wl,\$$ORIGIN/lib  conftest.cpp  >&5
configure:3317: $? = 0
configure:3339: result: 
configure:3361: checking whether we are cross compiling
configure:3369: g++ -o conftest -fdiagnostics-color=always   -Wl,-rpath -Wl,\$$ORIGIN/lib  conftest.cpp  >&5
configure:3373: $? = 0
configure:3380: ./conftest
configure:3384: $? = 0
configure:3399: result: no
configure:3404: checking for suffix of object files
configure:3426: g++ -c -fdiagnostics-color=always   conftest.cpp >&5
configure:3430: $? = 0
configure:3451: result: o
configure:3455: checking whether we are using the GNU C++ compiler
configure:3474: g++ -c -fdiagnostics-color=always   conftest.cpp >&5
configure:3474: $? = 0
configure:3483: result: yes
configure:3492: checking whether g++ accepts -g
configure:3512: g++ -c -g  conftest.cpp >&5
configure:3512: $? = 0
configure:3553: result: yes
configure:3578: checking dependency style of g++
configure:3689: result: gcc3
configure:3710: checking how to run the C++ preprocessor
configure:3737: g++ -E  conftest.cpp
configure:3737: $? = 0
configure:3751: g++ -E  conftest.cpp
conftest.cpp:9:10: fatal error: ac_nonexistent.h: No such file or directory
    9 | #include <ac_nonexistent.h>
      |          ^~~~~~~~~~~~~~~~~~
compilation terminated.
configure:3751: $? = 1
configure: failed program was:
| /* confdefs.h */
| #define PACKAGE_NAME "Extended Template Library"
| #define PACKAGE_TARNAME "ETL"
| #define PACKAGE_VERSION "1.5.1"
| #define PACKAGE_STRING "Extended Template Library 1.5.1"
| #define PACKAGE_BUGREPORT "https://github.com/synfig/synfig/issues"
| #define PACKAGE_URL ""
| /* end confdefs.h.  */
| #include <ac_nonexistent.h>
configure:3776: result: g++ -E
configure:3796: g++ -E  conftest.cpp
configure:3796: $? = 0
configure:3810: g++ -E  conftest.cpp
conftest.cpp:9:10: fatal error: ac_nonexistent.h: No such file or directory
    9 | #include <ac_nonexistent.h>
      |          ^~~~~~~~~~~~~~~~~~
compilation terminated.
configure:3810: $? = 1
configure: failed program was:
| /* confdefs.h */
| #define PACKAGE_NAME "Extended Template Library"
| #define PACKAGE_TARNAME "ETL"
| #define PACKAGE_VERSION "1.5.1"
| #define PACKAGE_STRING "Extended Template Library 1.5.1"
| #define PACKAGE_BUGREPORT "https://github.com/synfig/synfig/issues"
| #define PACKAGE_URL ""
| /* end confdefs.h.  */
| #include <ac_nonexistent.h>
configure:3952: checking for C++ compiler version
configure:3961: g++ --version >&5
g++ (Debian 10.2.1-6) 10.2.1 20210110
Copyright (C) 2020 Free Software Foundation, Inc.
This is free software; see the source for copying conditions.  There is NO
warranty; not even for MERCHANTABILITY or FITNESS FOR A PARTICULAR PURPOSE.

configure:3972: $? = 0
configure:3961: g++ -v >&5
Using built-in specs.
COLLECT_GCC=g++
COLLECT_LTO_WRAPPER=/usr/lib/gcc/aarch64-linux-gnu/10/lto-wrapper
Target: aarch64-linux-gnu
Configured with: ../src/configure -v --with-pkgversion='Debian 10.2.1-6' --with-bugurl=file:///usr/share/doc/gcc-10/README.Bugs --enable-languages=c,ada,c++,go,d,fortran,objc,obj-c++,m2 --prefix=/usr --with-gcc-major-version-only --program-suffix=-10 --program-prefix=aarch64-linux-gnu- --enable-shared --enable-linker-build-id --libexecdir=/usr/lib --without-included-gettext --enable-threads=posix --libdir=/usr/lib --enable-nls --enable-bootstrap --enable-clocale=gnu --enable-libstdcxx-debug --enable-libstdcxx-time=yes --with-default-libstdcxx-abi=new --enable-gnu-unique-object --disable-libquadmath --disable-libquadmath-support --enable-plugin --enable-default-pie --with-system-zlib --enable-libphobos-checking=release --with-target-system-zlib=auto --enable-objc-gc=auto --enable-multiarch --enable-fix-cortex-a53-843419 --disable-werror --enable-checking=release --build=aarch64-linux-gnu --host=aarch64-linux-gnu --target=aarch64-linux-gnu --with-build-config=bootstrap-lto-lean --enable-link-mutex
Thread model: posix
Supported LTO compression algorithms: zlib zstd
gcc version 10.2.1 20210110 (Debian 10.2.1-6) 
configure:3972: $? = 0
configure:3961: g++ -V >&5
g++: error: unrecognized command-line option '-V'
g++: fatal error: no input files
compilation terminated.
configure:3972: $? = 1
configure:3961: g++ -qversion >&5
g++: error: unrecognized command-line option '-qversion'; did you mean '--version'?
g++: fatal error: no input files
compilation terminated.
configure:3972: $? = 1
configure:3976: checking whether we are using the GNU C++ compiler
configure:4004: result: yes
configure:4013: checking whether g++ accepts -g
configure:4074: result: yes
configure:4099: checking dependency style of g++
configure:4210: result: gcc3
configure:4273: checking for gcc
configure:4289: found /usr/bin/gcc
configure:4300: result: gcc
configure:4529: checking for C compiler version
configure:4538: gcc --version >&5
gcc (Debian 10.2.1-6) 10.2.1 20210110
Copyright (C) 2020 Free Software Foundation, Inc.
This is free software; see the source for copying conditions.  There is NO
warranty; not even for MERCHANTABILITY or FITNESS FOR A PARTICULAR PURPOSE.

configure:4549: $? = 0
configure:4538: gcc -v >&5
Using built-in specs.
COLLECT_GCC=gcc
COLLECT_LTO_WRAPPER=/usr/lib/gcc/aarch64-linux-gnu/10/lto-wrapper
Target: aarch64-linux-gnu
Configured with: ../src/configure -v --with-pkgversion='Debian 10.2.1-6' --with-bugurl=file:///usr/share/doc/gcc-10/README.Bugs --enable-languages=c,ada,c++,go,d,fortran,objc,obj-c++,m2 --prefix=/usr --with-gcc-major-version-only --program-suffix=-10 --program-prefix=aarch64-linux-gnu- --enable-shared --enable-linker-build-id --libexecdir=/usr/lib --without-included-gettext --enable-threads=posix --libdir=/usr/lib --enable-nls --enable-bootstrap --enable-clocale=gnu --enable-libstdcxx-debug --enable-libstdcxx-time=yes --with-default-libstdcxx-abi=new --enable-gnu-unique-object --disable-libquadmath --disable-libquadmath-support --enable-plugin --enable-default-pie --with-system-zlib --enable-libphobos-checking=release --with-target-system-zlib=auto --enable-objc-gc=auto --enable-multiarch --enable-fix-cortex-a53-843419 --disable-werror --enable-checking=release --build=aarch64-linux-gnu --host=aarch64-linux-gnu --target=aarch64-linux-gnu --with-build-config=bootstrap-lto-lean --enable-link-mutex
Thread model: posix
Supported LTO compression algorithms: zlib zstd
gcc version 10.2.1 20210110 (Debian 10.2.1-6) 
configure:4549: $? = 0
configure:4538: gcc -V >&5
gcc: error: unrecognized command-line option '-V'
gcc: fatal error: no input files
compilation terminated.
configure:4549: $? = 1
configure:4538: gcc -qversion >&5
gcc: error: unrecognized command-line option '-qversion'; did you mean '--version'?
gcc: fatal error: no input files
compilation terminated.
configure:4549: $? = 1
configure:4553: checking whether we are using the GNU C compiler
configure:4572: gcc -c -fdiagnostics-color=always   conftest.c >&5
configure:4572: $? = 0
configure:4581: result: yes
configure:4590: checking whether gcc accepts -g
configure:4610: gcc -c -g  conftest.c >&5
configure:4610: $? = 0
configure:4651: result: yes
configure:4668: checking for gcc option to accept ISO C89
configure:4731: gcc  -c -fdiagnostics-color=always   conftest.c >&5
configure:4731: $? = 0
configure:4744: result: none needed
configure:4769: checking whether gcc understands -c and -o together
configure:4791: gcc -c conftest.c -o conftest2.o
configure:4794: $? = 0
configure:4791: gcc -c conftest.c -o conftest2.o
configure:4794: $? = 0
configure:4806: result: yes
configure:4825: checking dependency style of gcc
configure:4936: result: gcc3
configure:5063: checking for C++ compiler version
configure:5072: g++ --version >&5
g++ (Debian 10.2.1-6) 10.2.1 20210110
Copyright (C) 2020 Free Software Foundation, Inc.
This is free software; see the source for copying conditions.  There is NO
warranty; not even for MERCHANTABILITY or FITNESS FOR A PARTICULAR PURPOSE.

configure:5083: $? = 0
configure:5072: g++ -v >&5
Using built-in specs.
COLLECT_GCC=g++
COLLECT_LTO_WRAPPER=/usr/lib/gcc/aarch64-linux-gnu/10/lto-wrapper
Target: aarch64-linux-gnu
Configured with: ../src/configure -v --with-pkgversion='Debian 10.2.1-6' --with-bugurl=file:///usr/share/doc/gcc-10/README.Bugs --enable-languages=c,ada,c++,go,d,fortran,objc,obj-c++,m2 --prefix=/usr --with-gcc-major-version-only --program-suffix=-10 --program-prefix=aarch64-linux-gnu- --enable-shared --enable-linker-build-id --libexecdir=/usr/lib --without-included-gettext --enable-threads=posix --libdir=/usr/lib --enable-nls --enable-bootstrap --enable-clocale=gnu --enable-libstdcxx-debug --enable-libstdcxx-time=yes --with-default-libstdcxx-abi=new --enable-gnu-unique-object --disable-libquadmath --disable-libquadmath-support --enable-plugin --enable-default-pie --with-system-zlib --enable-libphobos-checking=release --with-target-system-zlib=auto --enable-objc-gc=auto --enable-multiarch --enable-fix-cortex-a53-843419 --disable-werror --enable-checking=release --build=aarch64-linux-gnu --host=aarch64-linux-gnu --target=aarch64-linux-gnu --with-build-config=bootstrap-lto-lean --enable-link-mutex
Thread model: posix
Supported LTO compression algorithms: zlib zstd
gcc version 10.2.1 20210110 (Debian 10.2.1-6) 
configure:5083: $? = 0
configure:5072: g++ -V >&5
g++: error: unrecognized command-line option '-V'
g++: fatal error: no input files
compilation terminated.
configure:5083: $? = 1
configure:5072: g++ -qversion >&5
g++: error: unrecognized command-line option '-qversion'; did you mean '--version'?
g++: fatal error: no input files
compilation terminated.
configure:5083: $? = 1
configure:5087: checking whether we are using the GNU C++ compiler
configure:5115: result: yes
configure:5124: checking whether g++ accepts -g
configure:5185: result: yes
configure:5210: checking dependency style of g++
configure:5321: result: gcc3
configure:5341: checking how to run the C++ preprocessor
configure:5407: result: g++ -E
configure:5427: g++ -E  conftest.cpp
configure:5427: $? = 0
configure:5441: g++ -E  conftest.cpp
conftest.cpp:9:10: fatal error: ac_nonexistent.h: No such file or directory
    9 | #include <ac_nonexistent.h>
      |          ^~~~~~~~~~~~~~~~~~
compilation terminated.
configure:5441: $? = 1
configure: failed program was:
| /* confdefs.h */
| #define PACKAGE_NAME "Extended Template Library"
| #define PACKAGE_TARNAME "ETL"
| #define PACKAGE_VERSION "1.5.1"
| #define PACKAGE_STRING "Extended Template Library 1.5.1"
| #define PACKAGE_BUGREPORT "https://github.com/synfig/synfig/issues"
| #define PACKAGE_URL ""
| /* end confdefs.h.  */
| #include <ac_nonexistent.h>
configure:5513: checking for ranlib
configure:5529: found /usr/bin/ranlib
configure:5540: result: ranlib
configure:5569: checking whether g++ supports C++11 features by default
configure:5863: g++ -c -fdiagnostics-color=always   conftest.cpp >&5
configure:5863: $? = 0
configure:5870: result: yes
configure:6234: checking for compiler warning flags to use
configure:6280: result: -W -Wall
configure:6284: checking for optimization flags
configure:6310: result: -O2
configure:6314: checking for debug flags
configure:6343: result: -DNDEBUG
configure:6347: checking for profiling
configure:6369: result: no
configure:6435: checking for grep that handles long lines and -e
configure:6493: result: /usr/bin/grep
configure:6498: checking for egrep
configure:6560: result: /usr/bin/grep -E
configure:6565: checking for ANSI C header files
configure:6585: g++ -c -fdiagnostics-color=always -W -Wall -O2 -DNDEBUG  conftest.cpp >&5
configure:6585: $? = 0
configure:6658: g++ -o conftest -fdiagnostics-color=always -W -Wall -O2 -DNDEBUG  -Wl,-rpath -Wl,\$$ORIGIN/lib  conftest.cpp  >&5
configure:6658: $? = 0
configure:6658: ./conftest
configure:6658: $? = 0
configure:6669: result: yes
configure:6682: checking for sys/types.h
configure:6682: g++ -c -fdiagnostics-color=always -W -Wall -O2 -DNDEBUG  conftest.cpp >&5
configure:6682: $? = 0
configure:6682: result: yes
configure:6682: checking for sys/stat.h
configure:6682: g++ -c -fdiagnostics-color=always -W -Wall -O2 -DNDEBUG  conftest.cpp >&5
configure:6682: $? = 0
configure:6682: result: yes
configure:6682: checking for stdlib.h
configure:6682: g++ -c -fdiagnostics-color=always -W -Wall -O2 -DNDEBUG  conftest.cpp >&5
configure:6682: $? = 0
configure:6682: result: yes
configure:6682: checking for string.h
configure:6682: g++ -c -fdiagnostics-color=always -W -Wall -O2 -DNDEBUG  conftest.cpp >&5
configure:6682: $? = 0
configure:6682: result: yes
configure:6682: checking for memory.h
configure:6682: g++ -c -fdiagnostics-color=always -W -Wall -O2 -DNDEBUG  conftest.cpp >&5
configure:6682: $? = 0
configure:6682: result: yes
configure:6682: checking for strings.h
configure:6682: g++ -c -fdiagnostics-color=always -W -Wall -O2 -DNDEBUG  conftest.cpp >&5
configure:6682: $? = 0
configure:6682: result: yes
configure:6682: checking for inttypes.h
configure:6682: g++ -c -fdiagnostics-color=always -W -Wall -O2 -DNDEBUG  conftest.cpp >&5
configure:6682: $? = 0
configure:6682: result: yes
configure:6682: checking for stdint.h
configure:6682: g++ -c -fdiagnostics-color=always -W -Wall -O2 -DNDEBUG  conftest.cpp >&5
configure:6682: $? = 0
configure:6682: result: yes
configure:6682: checking for unistd.h
configure:6682: g++ -c -fdiagnostics-color=always -W -Wall -O2 -DNDEBUG  conftest.cpp >&5
configure:6682: $? = 0
configure:6682: result: yes
configure:6695: checking for main in -luser32
configure:6714: g++ -o conftest -fdiagnostics-color=always -W -Wall -O2 -DNDEBUG  -Wl,-rpath -Wl,\$$ORIGIN/lib  conftest.cpp -luser32   >&5
/usr/bin/ld: cannot find -luser32
collect2: error: ld returned 1 exit status
configure:6714: $? = 1
configure: failed program was:
| /* confdefs.h */
| #define PACKAGE_NAME "Extended Template Library"
| #define PACKAGE_TARNAME "ETL"
| #define PACKAGE_VERSION "1.5.1"
| #define PACKAGE_STRING "Extended Template Library 1.5.1"
| #define PACKAGE_BUGREPORT "https://github.com/synfig/synfig/issues"
| #define PACKAGE_URL ""
| #define STDC_HEADERS 1
| #define HAVE_SYS_TYPES_H 1
| #define HAVE_SYS_STAT_H 1
| #define HAVE_STDLIB_H 1
| #define HAVE_STRING_H 1
| #define HAVE_MEMORY_H 1
| #define HAVE_STRINGS_H 1
| #define HAVE_INTTYPES_H 1
| #define HAVE_STDINT_H 1
| #define HAVE_UNISTD_H 1
| /* end confdefs.h.  */
| 
| 
| int
| main ()
| {
| return main ();
|   ;
|   return 0;
| }
configure:6723: result: no
configure:6737: checking sys/time.h usability
configure:6737: g++ -c -fdiagnostics-color=always -W -Wall -O2 -DNDEBUG  conftest.cpp >&5
configure:6737: $? = 0
configure:6737: result: yes
configure:6737: checking sys/time.h presence
configure:6737: g++ -E  conftest.cpp
configure:6737: $? = 0
configure:6737: result: yes
configure:6737: checking for sys/time.h
configure:6737: result: yes
configure:6749: checking for unistd.h
configure:6749: result: yes
configure:6761: checking windows.h usability
configure:6761: g++ -c -fdiagnostics-color=always -W -Wall -O2 -DNDEBUG  conftest.cpp >&5
[01m[Kconftest.cpp:54:10:[m[K [01;31m[Kfatal error: [m[Kwindows.h: No such file or directory
   54 | #include [01;31m[K<windows.h>[m[K
      |          [01;31m[K^~~~~~~~~~~[m[K
compilation terminated.
configure:6761: $? = 1
configure: failed program was:
| /* confdefs.h */
| #define PACKAGE_NAME "Extended Template Library"
| #define PACKAGE_TARNAME "ETL"
| #define PACKAGE_VERSION "1.5.1"
| #define PACKAGE_STRING "Extended Template Library 1.5.1"
| #define PACKAGE_BUGREPORT "https://github.com/synfig/synfig/issues"
| #define PACKAGE_URL ""
| #define STDC_HEADERS 1
| #define HAVE_SYS_TYPES_H 1
| #define HAVE_SYS_STAT_H 1
| #define HAVE_STDLIB_H 1
| #define HAVE_STRING_H 1
| #define HAVE_MEMORY_H 1
| #define HAVE_STRINGS_H 1
| #define HAVE_INTTYPES_H 1
| #define HAVE_STDINT_H 1
| #define HAVE_UNISTD_H 1
| #define HAVE_SYS_TIME_H 1
| #define HAVE_UNISTD_H 1
| /* end confdefs.h.  */
| #include <stdio.h>
| #ifdef HAVE_SYS_TYPES_H
| # include <sys/types.h>
| #endif
| #ifdef HAVE_SYS_STAT_H
| # include <sys/stat.h>
| #endif
| #ifdef STDC_HEADERS
| # include <stdlib.h>
| # include <stddef.h>
| #else
| # ifdef HAVE_STDLIB_H
| #  include <stdlib.h>
| # endif
| #endif
| #ifdef HAVE_STRING_H
| # if !defined STDC_HEADERS && defined HAVE_MEMORY_H
| #  include <memory.h>
| # endif
| # include <string.h>
| #endif
| #ifdef HAVE_STRINGS_H
| # include <strings.h>
| #endif
| #ifdef HAVE_INTTYPES_H
| # include <inttypes.h>
| #endif
| #ifdef HAVE_STDINT_H
| # include <stdint.h>
| #endif
| #ifdef HAVE_UNISTD_H
| # include <unistd.h>
| #endif
| #include <windows.h>
configure:6761: result: no
configure:6761: checking windows.h presence
configure:6761: g++ -E  conftest.cpp
conftest.cpp:21:10: fatal error: windows.h: No such file or directory
   21 | #include <windows.h>
      |          ^~~~~~~~~~~
compilation terminated.
configure:6761: $? = 1
configure: failed program was:
| /* confdefs.h */
| #define PACKAGE_NAME "Extended Template Library"
| #define PACKAGE_TARNAME "ETL"
| #define PACKAGE_VERSION "1.5.1"
| #define PACKAGE_STRING "Extended Template Library 1.5.1"
| #define PACKAGE_BUGREPORT "https://github.com/synfig/synfig/issues"
| #define PACKAGE_URL ""
| #define STDC_HEADERS 1
| #define HAVE_SYS_TYPES_H 1
| #define HAVE_SYS_STAT_H 1
| #define HAVE_STDLIB_H 1
| #define HAVE_STRING_H 1
| #define HAVE_MEMORY_H 1
| #define HAVE_STRINGS_H 1
| #define HAVE_INTTYPES_H 1
| #define HAVE_STDINT_H 1
| #define HAVE_UNISTD_H 1
| #define HAVE_SYS_TIME_H 1
| #define HAVE_UNISTD_H 1
| /* end confdefs.h.  */
| #include <windows.h>
configure:6761: result: no
configure:6761: checking for windows.h
configure:6761: result: no
configure:6773: checking for QueryPerformanceCounter
configure:6773: g++ -o conftest -fdiagnostics-color=always -W -Wall -O2 -DNDEBUG  -Wl,-rpath -Wl,\$$ORIGIN/lib  conftest.cpp  >&5
/usr/bin/ld: /tmp/ccjpqU5F.o: in function `main':
conftest.cpp:(.text.startup+0x8): undefined reference to `QueryPerformanceCounter'
collect2: error: ld returned 1 exit status
configure:6773: $? = 1
configure: failed program was:
| /* confdefs.h */
| #define PACKAGE_NAME "Extended Template Library"
| #define PACKAGE_TARNAME "ETL"
| #define PACKAGE_VERSION "1.5.1"
| #define PACKAGE_STRING "Extended Template Library 1.5.1"
| #define PACKAGE_BUGREPORT "https://github.com/synfig/synfig/issues"
| #define PACKAGE_URL ""
| #define STDC_HEADERS 1
| #define HAVE_SYS_TYPES_H 1
| #define HAVE_SYS_STAT_H 1
| #define HAVE_STDLIB_H 1
| #define HAVE_STRING_H 1
| #define HAVE_MEMORY_H 1
| #define HAVE_STRINGS_H 1
| #define HAVE_INTTYPES_H 1
| #define HAVE_STDINT_H 1
| #define HAVE_UNISTD_H 1
| #define HAVE_SYS_TIME_H 1
| #define HAVE_UNISTD_H 1
| /* end confdefs.h.  */
| /* Define QueryPerformanceCounter to an innocuous variant, in case <limits.h> declares QueryPerformanceCounter.
|    For example, HP-UX 11i <limits.h> declares gettimeofday.  */
| #define QueryPerformanceCounter innocuous_QueryPerformanceCounter
| 
| /* System header to define __stub macros and hopefully few prototypes,
|     which can conflict with char QueryPerformanceCounter (); below.
|     Prefer <limits.h> to <assert.h> if __STDC__ is defined, since
|     <limits.h> exists even on freestanding compilers.  */
| 
| #ifdef __STDC__
| # include <limits.h>
| #else
| # include <assert.h>
| #endif
| 
| #undef QueryPerformanceCounter
| 
| /* Override any GCC internal prototype to avoid an error.
|    Use char because int might match the return type of a GCC
|    builtin and then its argument prototype would still apply.  */
| #ifdef __cplusplus
| extern "C"
| #endif
| char QueryPerformanceCounter ();
| /* The GNU C library defines this for functions which it implements
|     to always fail with ENOSYS.  Some functions are actually named
|     something starting with __ and the normal name is an alias.  */
| #if defined __stub_QueryPerformanceCounter || defined __stub___QueryPerformanceCounter
| choke me
| #endif
| 
| int
| main ()
| {
| return QueryPerformanceCounter ();
|   ;
|   return 0;
| }
configure:6773: result: no
configure:6785: checking for gettimeofday
configure:6785: g++ -o conftest -fdiagnostics-color=always -W -Wall -O2 -DNDEBUG  -Wl,-rpath -Wl,\$$ORIGIN/lib  conftest.cpp  >&5
configure:6785: $? = 0
configure:6785: result: yes
configure:6852: checking for pkg-config
configure:6870: found /usr/bin/pkg-config
configure:6882: result: /usr/bin/pkg-config
configure:6907: checking pkg-config is at least version 0.9.0
configure:6910: result: yes
configure:6920: checking for glibmm-2.4 >= 2.24.2
configure:6927: $PKG_CONFIG --exists --print-errors "glibmm-2.4 >= 2.24.2"
configure:6930: $? = 0
configure:6944: $PKG_CONFIG --exists --print-errors "glibmm-2.4 >= 2.24.2"
configure:6947: $? = 0
configure:6989: result: yes
configure:7106: checking that generated files are newer than configure
configure:7112: result: done
configure:7151: creating ./config.status

## ---------------------- ##
## Running config.status. ##
## ---------------------- ##

This file was extended by Extended Template Library config.status 1.5.1, which was
generated by GNU Autoconf 2.69.  Invocation command line was

  CONFIG_FILES    = 
  CONFIG_HEADERS  = 
  CONFIG_LINKS    = 
  CONFIG_COMMANDS = 
  $ ./config.status 

on raspberrypi

config.status:: creating ETL-config
config.status:: creating Makefile
config.status:: creating ETL/Makefile
config.status:: creating test/Makefile
config.status:: creating ETL.pc
config.status:: creating doxygen.cfg
config.status:: creating ETL/etl_profile_.h
config.status:: ETL/etl_profile_.h is unchanged
config.status:: executing depfiles commands
config.status:: cd test       && sed -e '/# am--include-marker/d' Makefile         | make -f - am--depfiles
make: Nothing to be done for 'am--depfiles'.
config.status:: $? = 0

## ---------------- ##
## Cache variables. ##
## ---------------- ##

ac_cv_build=aarch64-unknown-linux-gnu
ac_cv_c_compiler_gnu=yes
ac_cv_cxx_compiler_gnu=yes
ac_cv_env_CCC_set=
ac_cv_env_CCC_value=
ac_cv_env_CC_set=
ac_cv_env_CC_value=
ac_cv_env_CFLAGS_set=set
ac_cv_env_CFLAGS_value='-fdiagnostics-color=always '
ac_cv_env_CPPFLAGS_set=
ac_cv_env_CPPFLAGS_value=
ac_cv_env_CXXCPP_set=
ac_cv_env_CXXCPP_value=
ac_cv_env_CXXFLAGS_set=set
ac_cv_env_CXXFLAGS_value='-fdiagnostics-color=always '
ac_cv_env_CXX_set=
ac_cv_env_CXX_value=
ac_cv_env_GLIBMM_CFLAGS_set=
ac_cv_env_GLIBMM_CFLAGS_value=
ac_cv_env_GLIBMM_LIBS_set=
ac_cv_env_GLIBMM_LIBS_value=
ac_cv_env_LDFLAGS_set=set
ac_cv_env_LDFLAGS_value='-Wl,-rpath -Wl,\$$ORIGIN/lib '
ac_cv_env_LIBS_set=
ac_cv_env_LIBS_value=
ac_cv_env_PKG_CONFIG_LIBDIR_set=
ac_cv_env_PKG_CONFIG_LIBDIR_value=
ac_cv_env_PKG_CONFIG_PATH_set=set
ac_cv_env_PKG_CONFIG_PATH_value=/home/incogninto1-1/synfig/_production/build/lib/pkgconfig:/home/incogninto1-1/synfig/_production/build/lib64/pkgconfig:/usr/local/lib/pkgconfig:/usr/lib/unknown-linux-gnu/pkgconfig/:
ac_cv_env_PKG_CONFIG_set=
ac_cv_env_PKG_CONFIG_value=
ac_cv_env_build_alias_set=
ac_cv_env_build_alias_value=
ac_cv_env_host_alias_set=
ac_cv_env_host_alias_value=
ac_cv_env_target_alias_set=
ac_cv_env_target_alias_value=
ac_cv_func_QueryPerformanceCounter=no
ac_cv_func_gettimeofday=yes
ac_cv_header_inttypes_h=yes
ac_cv_header_memory_h=yes
ac_cv_header_stdc=yes
ac_cv_header_stdint_h=yes
ac_cv_header_stdlib_h=yes
ac_cv_header_string_h=yes
ac_cv_header_strings_h=yes
ac_cv_header_sys_stat_h=yes
ac_cv_header_sys_time_h=yes
ac_cv_header_sys_types_h=yes
ac_cv_header_unistd_h=yes
ac_cv_header_windows_h=no
ac_cv_host=aarch64-unknown-linux-gnu
ac_cv_lib_user32_main=no
ac_cv_objext=o
ac_cv_path_EGREP='/usr/bin/grep -E'
ac_cv_path_GREP=/usr/bin/grep
ac_cv_path_ac_pt_PKG_CONFIG=/usr/bin/pkg-config
ac_cv_path_install='/usr/bin/install -c'
ac_cv_path_mkdir=/usr/bin/mkdir
ac_cv_prog_AWK=mawk
ac_cv_prog_CXXCPP='g++ -E'
ac_cv_prog_ac_ct_CC=gcc
ac_cv_prog_ac_ct_CXX=g++
ac_cv_prog_ac_ct_RANLIB=ranlib
ac_cv_prog_cc_c89=
ac_cv_prog_cc_g=yes
ac_cv_prog_cxx_g=yes
ac_cv_prog_make_make_set=yes
ac_cv_target=aarch64-unknown-linux-gnu
am_cv_CC_dependencies_compiler_type=gcc3
am_cv_CXX_dependencies_compiler_type=gcc3
am_cv_make_support_nested_variables=yes
am_cv_prog_cc_c_o=yes
ax_cv_cxx_compile_cxx11=yes
pkg_cv_GLIBMM_CFLAGS='-I/usr/include/glibmm-2.4 -I/usr/lib/aarch64-linux-gnu/glibmm-2.4/include -I/usr/include/glib-2.0 -I/usr/lib/aarch64-linux-gnu/glib-2.0/include -I/usr/include/sigc++-2.0 -I/usr/lib/aarch64-linux-gnu/sigc++-2.0/include'
pkg_cv_GLIBMM_LIBS='-lglibmm-2.4 -lgobject-2.0 -lglib-2.0 -lsigc-2.0'

## ----------------- ##
## Output variables. ##
## ----------------- ##

ACLOCAL='${SHELL} '\''/home/incogninto1-1/synfig/ETL/config/missing'\'' aclocal-1.16'
AMDEPBACKSLASH='\'
AMDEP_FALSE='#'
AMDEP_TRUE=''
AMTAR='$${TAR-tar}'
AM_BACKSLASH='\'
AM_DEFAULT_V='$(AM_DEFAULT_VERBOSITY)'
AM_DEFAULT_VERBOSITY='0'
AM_V='$(V)'
AUTOCONF='${SHELL} '\''/home/incogninto1-1/synfig/ETL/config/missing'\'' autoconf'
AUTOHEADER='${SHELL} '\''/home/incogninto1-1/synfig/ETL/config/missing'\'' autoheader'
AUTOMAKE='${SHELL} '\''/home/incogninto1-1/synfig/ETL/config/missing'\'' automake-1.16'
AWK='mawk'
CC='gcc'
CCDEPMODE='depmode=gcc3'
CFLAGS='-fdiagnostics-color=always -O2 -DNDEBUG'
CPPFLAGS=''
CXX='g++'
CXXCPP='g++ -E'
CXXDEPMODE='depmode=gcc3'
CXXFLAGS='-fdiagnostics-color=always -W -Wall -O2 -DNDEBUG'
CYGPATH_W='echo'
DEFS='-DHAVE_CONFIG_H'
DEPDIR='.deps'
ECHO_C=''
ECHO_N='-n'
ECHO_T=''
EGREP='/usr/bin/grep -E'
EXEEXT=''
GLIBMM_CFLAGS='-I/usr/include/glibmm-2.4 -I/usr/lib/aarch64-linux-gnu/glibmm-2.4/include -I/usr/include/glib-2.0 -I/usr/lib/aarch64-linux-gnu/glib-2.0/include -I/usr/include/sigc++-2.0 -I/usr/lib/aarch64-linux-gnu/sigc++-2.0/include'
GLIBMM_LIBS='-lglibmm-2.4 -lgobject-2.0 -lglib-2.0 -lsigc-2.0'
GREP='/usr/bin/grep'
HAVE_CXX11=''
INSTALL_DATA='${INSTALL} -m 644'
INSTALL_PROGRAM='${INSTALL}'
INSTALL_SCRIPT='${INSTALL}'
INSTALL_STRIP_PROGRAM='$(install_sh) -c -s'
LDFLAGS='-Wl,-rpath -Wl,\$$ORIGIN/lib '
LIBOBJS=''
LIBS=''
LTLIBOBJS=''
MAINT='#'
MAINTAINER_MODE_FALSE=''
MAINTAINER_MODE_TRUE='#'
MAKEINFO='${SHELL} '\''/home/incogninto1-1/synfig/ETL/config/missing'\'' makeinfo'
MKDIR_P='/usr/bin/mkdir -p'
OBJEXT='o'
PACKAGE='ETL'
PACKAGE_BUGREPORT='https://github.com/synfig/synfig/issues'
PACKAGE_NAME='Extended Template Library'
PACKAGE_STRING='Extended Template Library 1.5.1'
PACKAGE_TARNAME='ETL'
PACKAGE_URL=''
PACKAGE_VERSION='1.5.1'
PATH_SEPARATOR=':'
PKG_CONFIG='/usr/bin/pkg-config'
PKG_CONFIG_LIBDIR=''
PKG_CONFIG_PATH='/home/incogninto1-1/synfig/_production/build/lib/pkgconfig:/home/incogninto1-1/synfig/_production/build/lib64/pkgconfig:/usr/local/lib/pkgconfig:/usr/lib/unknown-linux-gnu/pkgconfig/:'
RANLIB='ranlib'
SET_MAKE=''
SHELL='/bin/sh'
STRIP=''
VERSION='1.5.1'
ac_ct_CC='gcc'
ac_ct_CXX='g++'
am__EXEEXT_FALSE=''
am__EXEEXT_TRUE='#'
am__fastdepCC_FALSE='#'
am__fastdepCC_TRUE=''
am__fastdepCXX_FALSE='#'
am__fastdepCXX_TRUE=''
am__include='include'
am__isrc=' -I$(srcdir)'
am__leading_dot='.'
am__nodep='_no'
am__quote=''
am__tar='$${TAR-tar} chof - "$$tardir"'
am__untar='$${TAR-tar} xf -'
bindir='${exec_prefix}/bin'
build='aarch64-unknown-linux-gnu'
build_alias=''
build_cpu='aarch64'
build_os='linux-gnu'
build_vendor='unknown'
datadir='${datarootdir}'
datarootdir='${prefix}/share'
docdir='${datarootdir}/doc/${PACKAGE_TARNAME}'
dvidir='${docdir}'
etlincludedir='/home/incogninto1-1/synfig/_production/build/include/ETL'
exec_prefix='${prefix}'
host='aarch64-unknown-linux-gnu'
host_alias=''
host_cpu='aarch64'
host_os='linux-gnu'
host_vendor='unknown'
htmldir='${docdir}'
includedir='/home/incogninto1-1/synfig/_production/build/include'
infodir='${datarootdir}/info'
install_sh='${SHELL} /home/incogninto1-1/synfig/ETL/config/install-sh'
libdir='${exec_prefix}/lib'
libexecdir='${exec_prefix}/libexec'
localedir='${datarootdir}/locale'
localstatedir='${prefix}/var'
mandir='${datarootdir}/man'
mkdir_p='$(MKDIR_P)'
oldincludedir='/usr/include'
pdfdir='${docdir}'
prefix='/home/incogninto1-1/synfig/_production/build'
program_transform_name='s,x,x,'
psdir='${docdir}'
runstatedir='${localstatedir}/run'
sbindir='${exec_prefix}/sbin'
sharedstatedir='${prefix}/com'
sysconfdir='${prefix}/etc'
target='aarch64-unknown-linux-gnu'
target_alias=''
target_cpu='aarch64'
target_os='linux-gnu'
target_vendor='unknown'

## ----------- ##
## confdefs.h. ##
## ----------- ##

/* confdefs.h */
#define PACKAGE_NAME "Extended Template Library"
#define PACKAGE_TARNAME "ETL"
#define PACKAGE_VERSION "1.5.1"
#define PACKAGE_STRING "Extended Template Library 1.5.1"
#define PACKAGE_BUGREPORT "https://github.com/synfig/synfig/issues"
#define PACKAGE_URL ""
#define STDC_HEADERS 1
#define HAVE_SYS_TYPES_H 1
#define HAVE_SYS_STAT_H 1
#define HAVE_STDLIB_H 1
#define HAVE_STRING_H 1
#define HAVE_MEMORY_H 1
#define HAVE_STRINGS_H 1
#define HAVE_INTTYPES_H 1
#define HAVE_STDINT_H 1
#define HAVE_UNISTD_H 1
#define HAVE_SYS_TIME_H 1
#define HAVE_UNISTD_H 1
#define HAVE_GETTIMEOFDAY 1

configure: exit 0
