This file contains any messages produced by compilers while
running configure, to aid debugging if configure makes a mistake.

It was created by Synfig Studio configure 1.5.1, which was
generated by GNU Autoconf 2.69.  Invocation command line was

  $ /home/incogninto1-1/synfig/synfig-studio/configure --prefix=/home/incogninto1-1/synfig/_production/build --includedir=/home/incogninto1-1/synfig/_production/build/include --disable-static --enable-shared --enable-jack --enable-warnings=max

## --------- ##
## Platform. ##
## --------- ##

hostname = raspberrypi
uname -m = aarch64
uname -r = 5.15.32-v8+
uname -s = Linux
uname -v = #1538 SMP PREEMPT Thu Mar 31 19:40:39 BST 2022

/usr/bin/uname -p = unknown
/bin/uname -X     = unknown

/bin/arch              = aarch64
/usr/bin/arch -k       = unknown
/usr/convex/getsysinfo = unknown
/usr/bin/hostinfo      = unknown
/bin/machine           = unknown
/usr/bin/oslevel       = unknown
/bin/universe          = unknown

PATH: /home/incogninto1-1/synfig/_production/build/bin
PATH: /usr/local/sbin
PATH: /usr/local/bin
PATH: /usr/sbin
PATH: /usr/bin
PATH: /sbin
PATH: /bin


## ----------- ##
## Core tests. ##
## ----------- ##

configure:2526: checking whether make supports nested variables
configure:2543: result: yes
configure:2600: checking build system type
configure:2614: result: aarch64-unknown-linux-gnu
configure:2634: checking host system type
configure:2647: result: aarch64-unknown-linux-gnu
configure:2684: checking for a BSD-compatible install
configure:2752: result: /usr/bin/install -c
configure:2763: checking whether build environment is sane
configure:2818: result: yes
configure:2964: checking for a thread-safe mkdir -p
configure:3003: result: /usr/bin/mkdir -p
configure:3010: checking for gawk
configure:3040: result: no
configure:3010: checking for mawk
configure:3026: found /usr/bin/mawk
configure:3037: result: mawk
configure:3048: checking whether make sets $(MAKE)
configure:3070: result: yes
configure:3204: checking whether to enable maintainer-specific portions of Makefiles
configure:3213: result: no
configure:3274: checking how to print strings
configure:3301: result: printf
configure:3326: checking whether make supports the include directive
configure:3341: make -f confmf.GNU && cat confinc.out
this is the am__doit target
configure:3344: $? = 0
configure:3363: result: yes (GNU style)
configure:3434: checking for gcc
configure:3450: found /usr/bin/gcc
configure:3461: result: gcc
configure:3690: checking for C compiler version
configure:3699: gcc --version >&5
gcc (Debian 10.2.1-6) 10.2.1 20210110
Copyright (C) 2020 Free Software Foundation, Inc.
This is free software; see the source for copying conditions.  There is NO
warranty; not even for MERCHANTABILITY or FITNESS FOR A PARTICULAR PURPOSE.

configure:3710: $? = 0
configure:3699: gcc -v >&5
Using built-in specs.
COLLECT_GCC=gcc
COLLECT_LTO_WRAPPER=/usr/lib/gcc/aarch64-linux-gnu/10/lto-wrapper
Target: aarch64-linux-gnu
Configured with: ../src/configure -v --with-pkgversion='Debian 10.2.1-6' --with-bugurl=file:///usr/share/doc/gcc-10/README.Bugs --enable-languages=c,ada,c++,go,d,fortran,objc,obj-c++,m2 --prefix=/usr --with-gcc-major-version-only --program-suffix=-10 --program-prefix=aarch64-linux-gnu- --enable-shared --enable-linker-build-id --libexecdir=/usr/lib --without-included-gettext --enable-threads=posix --libdir=/usr/lib --enable-nls --enable-bootstrap --enable-clocale=gnu --enable-libstdcxx-debug --enable-libstdcxx-time=yes --with-default-libstdcxx-abi=new --enable-gnu-unique-object --disable-libquadmath --disable-libquadmath-support --enable-plugin --enable-default-pie --with-system-zlib --enable-libphobos-checking=release --with-target-system-zlib=auto --enable-objc-gc=auto --enable-multiarch --enable-fix-cortex-a53-843419 --disable-werror --enable-checking=release --build=aarch64-linux-gnu --host=aarch64-linux-gnu --target=aarch64-linux-gnu --with-build-config=bootstrap-lto-lean --enable-link-mutex
Thread model: posix
Supported LTO compression algorithms: zlib zstd
gcc version 10.2.1 20210110 (Debian 10.2.1-6) 
configure:3710: $? = 0
configure:3699: gcc -V >&5
gcc: error: unrecognized command-line option '-V'
gcc: fatal error: no input files
compilation terminated.
configure:3710: $? = 1
configure:3699: gcc -qversion >&5
gcc: error: unrecognized command-line option '-qversion'; did you mean '--version'?
gcc: fatal error: no input files
compilation terminated.
configure:3710: $? = 1
configure:3730: checking whether the C compiler works
configure:3752: gcc -fdiagnostics-color=always   -Wl,-rpath -Wl,\$$ORIGIN/lib  conftest.c  >&5
configure:3756: $? = 0
configure:3804: result: yes
configure:3807: checking for C compiler default output file name
configure:3809: result: a.out
configure:3815: checking for suffix of executables
configure:3822: gcc -o conftest -fdiagnostics-color=always   -Wl,-rpath -Wl,\$$ORIGIN/lib  conftest.c  >&5
configure:3826: $? = 0
configure:3848: result: 
configure:3870: checking whether we are cross compiling
configure:3878: gcc -o conftest -fdiagnostics-color=always   -Wl,-rpath -Wl,\$$ORIGIN/lib  conftest.c  >&5
configure:3882: $? = 0
configure:3889: ./conftest
configure:3893: $? = 0
configure:3908: result: no
configure:3913: checking for suffix of object files
configure:3935: gcc -c -fdiagnostics-color=always   conftest.c >&5
configure:3939: $? = 0
configure:3960: result: o
configure:3964: checking whether we are using the GNU C compiler
configure:3983: gcc -c -fdiagnostics-color=always   conftest.c >&5
configure:3983: $? = 0
configure:3992: result: yes
configure:4001: checking whether gcc accepts -g
configure:4021: gcc -c -g  conftest.c >&5
configure:4021: $? = 0
configure:4062: result: yes
configure:4079: checking for gcc option to accept ISO C89
configure:4142: gcc  -c -fdiagnostics-color=always   conftest.c >&5
configure:4142: $? = 0
configure:4155: result: none needed
configure:4180: checking whether gcc understands -c and -o together
configure:4202: gcc -c conftest.c -o conftest2.o
configure:4205: $? = 0
configure:4202: gcc -c conftest.c -o conftest2.o
configure:4205: $? = 0
configure:4217: result: yes
configure:4236: checking dependency style of gcc
configure:4347: result: gcc3
configure:4363: checking for a sed that does not truncate output
configure:4427: result: /usr/bin/sed
configure:4445: checking for grep that handles long lines and -e
configure:4503: result: /usr/bin/grep
configure:4508: checking for egrep
configure:4570: result: /usr/bin/grep -E
configure:4575: checking for fgrep
configure:4637: result: /usr/bin/grep -F
configure:4672: checking for ld used by gcc
configure:4739: result: /usr/bin/ld
configure:4746: checking if the linker (/usr/bin/ld) is GNU ld
configure:4761: result: yes
configure:4773: checking for BSD- or MS-compatible name lister (nm)
configure:4827: result: /usr/bin/nm -B
configure:4957: checking the name lister (/usr/bin/nm -B) interface
configure:4964: gcc -c -fdiagnostics-color=always   conftest.c >&5
configure:4967: /usr/bin/nm -B "conftest.o"
configure:4970: output
0000000000000000 B some_variable
configure:4977: result: BSD nm
configure:4980: checking whether ln -s works
configure:4984: result: yes
configure:4992: checking the maximum length of command line arguments
configure:5123: result: 1572864
configure:5171: checking how to convert aarch64-unknown-linux-gnu file names to aarch64-unknown-linux-gnu format
configure:5211: result: func_convert_file_noop
configure:5218: checking how to convert aarch64-unknown-linux-gnu file names to toolchain format
configure:5238: result: func_convert_file_noop
configure:5245: checking for /usr/bin/ld option to reload object files
configure:5252: result: -r
configure:5326: checking for objdump
configure:5342: found /usr/bin/objdump
configure:5353: result: objdump
configure:5382: checking how to recognize dependent libraries
configure:5582: result: pass_all
configure:5667: checking for dlltool
configure:5697: result: no
configure:5724: checking how to associate runtime and link libraries
configure:5751: result: printf %s\n
configure:5812: checking for ar
configure:5828: found /usr/bin/ar
configure:5839: result: ar
configure:5876: checking for archiver @FILE support
configure:5893: gcc -c -fdiagnostics-color=always   conftest.c >&5
configure:5893: $? = 0
configure:5896: ar cr libconftest.a @conftest.lst >&5
configure:5899: $? = 0
configure:5904: ar cr libconftest.a @conftest.lst >&5
ar: conftest.o: No such file or directory
configure:5907: $? = 1
configure:5919: result: @
configure:5977: checking for strip
configure:5993: found /usr/bin/strip
configure:6004: result: strip
configure:6076: checking for ranlib
configure:6092: found /usr/bin/ranlib
configure:6103: result: ranlib
configure:6205: checking command to parse /usr/bin/nm -B output from gcc object
configure:6358: gcc -c -fdiagnostics-color=always   conftest.c >&5
configure:6361: $? = 0
configure:6365: /usr/bin/nm -B conftest.o | sed -n -e 's/^.*[	 ]\([ABCDGIRSTW][ABCDGIRSTW]*\)[	 ][	 ]*\([_A-Za-z][_A-Za-z0-9]*\)$/\1 \2 \2/p' | sed '/ __gnu_lto/d' > conftest.nm
configure:6431: gcc -o conftest -fdiagnostics-color=always   -Wl,-rpath -Wl,\$$ORIGIN/lib  conftest.c conftstm.o >&5
configure:6434: $? = 0
configure:6472: result: ok
configure:6519: checking for sysroot
configure:6549: result: no
configure:6556: checking for a working dd
configure:6594: result: /usr/bin/dd
configure:6598: checking how to truncate binary pipes
configure:6613: result: /usr/bin/dd bs=4096 count=1
configure:6942: checking for mt
configure:6958: found /usr/bin/mt
configure:6969: result: mt
configure:6992: checking if mt is a manifest tool
configure:6998: mt '-?'
configure:7006: result: no
configure:7683: checking how to run the C preprocessor
configure:7714: gcc -E  conftest.c
configure:7714: $? = 0
configure:7728: gcc -E  conftest.c
conftest.c:11:10: fatal error: ac_nonexistent.h: No such file or directory
   11 | #include <ac_nonexistent.h>
      |          ^~~~~~~~~~~~~~~~~~
compilation terminated.
configure:7728: $? = 1
configure: failed program was:
| /* confdefs.h */
| #define PACKAGE_NAME "Synfig Studio"
| #define PACKAGE_TARNAME "synfigstudio"
| #define PACKAGE_VERSION "1.5.1"
| #define PACKAGE_STRING "Synfig Studio 1.5.1"
| #define PACKAGE_BUGREPORT "https://github.com/synfig/synfig/issues"
| #define PACKAGE_URL ""
| #define PACKAGE "synfigstudio"
| #define VERSION "1.5.1"
| /* end confdefs.h.  */
| #include <ac_nonexistent.h>
configure:7753: result: gcc -E
configure:7773: gcc -E  conftest.c
configure:7773: $? = 0
configure:7787: gcc -E  conftest.c
conftest.c:11:10: fatal error: ac_nonexistent.h: No such file or directory
   11 | #include <ac_nonexistent.h>
      |          ^~~~~~~~~~~~~~~~~~
compilation terminated.
configure:7787: $? = 1
configure: failed program was:
| /* confdefs.h */
| #define PACKAGE_NAME "Synfig Studio"
| #define PACKAGE_TARNAME "synfigstudio"
| #define PACKAGE_VERSION "1.5.1"
| #define PACKAGE_STRING "Synfig Studio 1.5.1"
| #define PACKAGE_BUGREPORT "https://github.com/synfig/synfig/issues"
| #define PACKAGE_URL ""
| #define PACKAGE "synfigstudio"
| #define VERSION "1.5.1"
| /* end confdefs.h.  */
| #include <ac_nonexistent.h>
configure:7816: checking for ANSI C header files
configure:7836: gcc -c -fdiagnostics-color=always   conftest.c >&5
configure:7836: $? = 0
configure:7909: gcc -o conftest -fdiagnostics-color=always   -Wl,-rpath -Wl,\$$ORIGIN/lib  conftest.c  >&5
configure:7909: $? = 0
configure:7909: ./conftest
configure:7909: $? = 0
configure:7920: result: yes
configure:7933: checking for sys/types.h
configure:7933: gcc -c -fdiagnostics-color=always   conftest.c >&5
configure:7933: $? = 0
configure:7933: result: yes
configure:7933: checking for sys/stat.h
configure:7933: gcc -c -fdiagnostics-color=always   conftest.c >&5
configure:7933: $? = 0
configure:7933: result: yes
configure:7933: checking for stdlib.h
configure:7933: gcc -c -fdiagnostics-color=always   conftest.c >&5
configure:7933: $? = 0
configure:7933: result: yes
configure:7933: checking for string.h
configure:7933: gcc -c -fdiagnostics-color=always   conftest.c >&5
configure:7933: $? = 0
configure:7933: result: yes
configure:7933: checking for memory.h
configure:7933: gcc -c -fdiagnostics-color=always   conftest.c >&5
configure:7933: $? = 0
configure:7933: result: yes
configure:7933: checking for strings.h
configure:7933: gcc -c -fdiagnostics-color=always   conftest.c >&5
configure:7933: $? = 0
configure:7933: result: yes
configure:7933: checking for inttypes.h
configure:7933: gcc -c -fdiagnostics-color=always   conftest.c >&5
configure:7933: $? = 0
configure:7933: result: yes
configure:7933: checking for stdint.h
configure:7933: gcc -c -fdiagnostics-color=always   conftest.c >&5
configure:7933: $? = 0
configure:7933: result: yes
configure:7933: checking for unistd.h
configure:7933: gcc -c -fdiagnostics-color=always   conftest.c >&5
configure:7933: $? = 0
configure:7933: result: yes
configure:7947: checking for dlfcn.h
configure:7947: gcc -c -fdiagnostics-color=always   conftest.c >&5
configure:7947: $? = 0
configure:7947: result: yes
configure:8499: checking for objdir
configure:8514: result: .libs
configure:8778: checking if gcc supports -fno-rtti -fno-exceptions
configure:8796: gcc -c -fdiagnostics-color=always   -fno-rtti -fno-exceptions conftest.c >&5
[01m[Kcc1:[m[K [01;35m[Kwarning: [m[Kcommand-line option '[01m[K-fno-rtti[m[K' is valid for C++/D/ObjC++ but not for C
configure:8800: $? = 0
configure:8813: result: no
configure:9177: checking for gcc option to produce PIC
configure:9184: result: -fPIC -DPIC
configure:9192: checking if gcc PIC flag -fPIC -DPIC works
configure:9210: gcc -c -fdiagnostics-color=always   -fPIC -DPIC -DPIC conftest.c >&5
configure:9214: $? = 0
configure:9227: result: yes
configure:9256: checking if gcc static flag -static works
configure:9284: result: yes
configure:9299: checking if gcc supports -c -o file.o
configure:9320: gcc -c -fdiagnostics-color=always   -o out/conftest2.o conftest.c >&5
configure:9324: $? = 0
configure:9346: result: yes
configure:9354: checking if gcc supports -c -o file.o
configure:9401: result: yes
configure:9434: checking whether the gcc linker (/usr/bin/ld) supports shared libraries
configure:10697: result: yes
configure:10734: checking whether -lc should be explicitly linked in
configure:10742: gcc -c -fdiagnostics-color=always   conftest.c >&5
configure:10745: $? = 0
configure:10760: gcc -shared  -fPIC -DPIC conftest.o  -v -Wl,-soname -Wl,conftest -o conftest 2\>\&1 \| /usr/bin/grep  -lc  \>/dev/null 2\>\&1
configure:10763: $? = 0
configure:10777: result: no
configure:10937: checking dynamic linker characteristics
configure:11518: gcc -o conftest -fdiagnostics-color=always   -Wl,-rpath -Wl,\$$ORIGIN/lib  -Wl,-rpath -Wl,/foo conftest.c  >&5
configure:11518: $? = 0
configure:11767: result: GNU/Linux ld.so
configure:11889: checking how to hardcode library paths into programs
configure:11914: result: immediate
configure:12016: checking for shl_load
configure:12016: gcc -o conftest -fdiagnostics-color=always   -Wl,-rpath -Wl,\$$ORIGIN/lib  conftest.c  >&5
/usr/bin/ld: /tmp/cc5Nbtrq.o: in function `main':
conftest.c:(.text+0x8): undefined reference to `shl_load'
collect2: error: ld returned 1 exit status
configure:12016: $? = 1
configure: failed program was:
| /* confdefs.h */
| #define PACKAGE_NAME "Synfig Studio"
| #define PACKAGE_TARNAME "synfigstudio"
| #define PACKAGE_VERSION "1.5.1"
| #define PACKAGE_STRING "Synfig Studio 1.5.1"
| #define PACKAGE_BUGREPORT "https://github.com/synfig/synfig/issues"
| #define PACKAGE_URL ""
| #define PACKAGE "synfigstudio"
| #define VERSION "1.5.1"
| #define STDC_HEADERS 1
| #define HAVE_SYS_TYPES_H 1
| #define HAVE_SYS_STAT_H 1
| #define HAVE_STDLIB_H 1
| #define HAVE_STRING_H 1
| #define HAVE_MEMORY_H 1
| #define HAVE_STRINGS_H 1
| #define HAVE_INTTYPES_H 1
| #define HAVE_STDINT_H 1
| #define HAVE_UNISTD_H 1
| #define HAVE_DLFCN_H 1
| #define LT_OBJDIR ".libs/"
| /* end confdefs.h.  */
| /* Define shl_load to an innocuous variant, in case <limits.h> declares shl_load.
|    For example, HP-UX 11i <limits.h> declares gettimeofday.  */
| #define shl_load innocuous_shl_load
| 
| /* System header to define __stub macros and hopefully few prototypes,
|     which can conflict with char shl_load (); below.
|     Prefer <limits.h> to <assert.h> if __STDC__ is defined, since
|     <limits.h> exists even on freestanding compilers.  */
| 
| #ifdef __STDC__
| # include <limits.h>
| #else
| # include <assert.h>
| #endif
| 
| #undef shl_load
| 
| /* Override any GCC internal prototype to avoid an error.
|    Use char because int might match the return type of a GCC
|    builtin and then its argument prototype would still apply.  */
| #ifdef __cplusplus
| extern "C"
| #endif
| char shl_load ();
| /* The GNU C library defines this for functions which it implements
|     to always fail with ENOSYS.  Some functions are actually named
|     something starting with __ and the normal name is an alias.  */
| #if defined __stub_shl_load || defined __stub___shl_load
| choke me
| #endif
| 
| int
| main ()
| {
| return shl_load ();
|   ;
|   return 0;
| }
configure:12016: result: no
configure:12020: checking for shl_load in -ldld
configure:12045: gcc -o conftest -fdiagnostics-color=always   -Wl,-rpath -Wl,\$$ORIGIN/lib  conftest.c -ldld   >&5
/usr/bin/ld: cannot find -ldld
collect2: error: ld returned 1 exit status
configure:12045: $? = 1
configure: failed program was:
| /* confdefs.h */
| #define PACKAGE_NAME "Synfig Studio"
| #define PACKAGE_TARNAME "synfigstudio"
| #define PACKAGE_VERSION "1.5.1"
| #define PACKAGE_STRING "Synfig Studio 1.5.1"
| #define PACKAGE_BUGREPORT "https://github.com/synfig/synfig/issues"
| #define PACKAGE_URL ""
| #define PACKAGE "synfigstudio"
| #define VERSION "1.5.1"
| #define STDC_HEADERS 1
| #define HAVE_SYS_TYPES_H 1
| #define HAVE_SYS_STAT_H 1
| #define HAVE_STDLIB_H 1
| #define HAVE_STRING_H 1
| #define HAVE_MEMORY_H 1
| #define HAVE_STRINGS_H 1
| #define HAVE_INTTYPES_H 1
| #define HAVE_STDINT_H 1
| #define HAVE_UNISTD_H 1
| #define HAVE_DLFCN_H 1
| #define LT_OBJDIR ".libs/"
| /* end confdefs.h.  */
| 
| /* Override any GCC internal prototype to avoid an error.
|    Use char because int might match the return type of a GCC
|    builtin and then its argument prototype would still apply.  */
| #ifdef __cplusplus
| extern "C"
| #endif
| char shl_load ();
| int
| main ()
| {
| return shl_load ();
|   ;
|   return 0;
| }
configure:12054: result: no
configure:12059: checking for dlopen
configure:12059: gcc -o conftest -fdiagnostics-color=always   -Wl,-rpath -Wl,\$$ORIGIN/lib  conftest.c  >&5
/usr/bin/ld: /tmp/ccL7DgWt.o: in function `main':
conftest.c:(.text+0x8): undefined reference to `dlopen'
collect2: error: ld returned 1 exit status
configure:12059: $? = 1
configure: failed program was:
| /* confdefs.h */
| #define PACKAGE_NAME "Synfig Studio"
| #define PACKAGE_TARNAME "synfigstudio"
| #define PACKAGE_VERSION "1.5.1"
| #define PACKAGE_STRING "Synfig Studio 1.5.1"
| #define PACKAGE_BUGREPORT "https://github.com/synfig/synfig/issues"
| #define PACKAGE_URL ""
| #define PACKAGE "synfigstudio"
| #define VERSION "1.5.1"
| #define STDC_HEADERS 1
| #define HAVE_SYS_TYPES_H 1
| #define HAVE_SYS_STAT_H 1
| #define HAVE_STDLIB_H 1
| #define HAVE_STRING_H 1
| #define HAVE_MEMORY_H 1
| #define HAVE_STRINGS_H 1
| #define HAVE_INTTYPES_H 1
| #define HAVE_STDINT_H 1
| #define HAVE_UNISTD_H 1
| #define HAVE_DLFCN_H 1
| #define LT_OBJDIR ".libs/"
| /* end confdefs.h.  */
| /* Define dlopen to an innocuous variant, in case <limits.h> declares dlopen.
|    For example, HP-UX 11i <limits.h> declares gettimeofday.  */
| #define dlopen innocuous_dlopen
| 
| /* System header to define __stub macros and hopefully few prototypes,
|     which can conflict with char dlopen (); below.
|     Prefer <limits.h> to <assert.h> if __STDC__ is defined, since
|     <limits.h> exists even on freestanding compilers.  */
| 
| #ifdef __STDC__
| # include <limits.h>
| #else
| # include <assert.h>
| #endif
| 
| #undef dlopen
| 
| /* Override any GCC internal prototype to avoid an error.
|    Use char because int might match the return type of a GCC
|    builtin and then its argument prototype would still apply.  */
| #ifdef __cplusplus
| extern "C"
| #endif
| char dlopen ();
| /* The GNU C library defines this for functions which it implements
|     to always fail with ENOSYS.  Some functions are actually named
|     something starting with __ and the normal name is an alias.  */
| #if defined __stub_dlopen || defined __stub___dlopen
| choke me
| #endif
| 
| int
| main ()
| {
| return dlopen ();
|   ;
|   return 0;
| }
configure:12059: result: no
configure:12063: checking for dlopen in -ldl
configure:12088: gcc -o conftest -fdiagnostics-color=always   -Wl,-rpath -Wl,\$$ORIGIN/lib  conftest.c -ldl   >&5
configure:12088: $? = 0
configure:12097: result: yes
configure:12216: checking whether a program can dlopen itself
configure:12296: gcc -o conftest -fdiagnostics-color=always   -DHAVE_DLFCN_H -Wl,-rpath -Wl,\$$ORIGIN/lib  -Wl,--export-dynamic conftest.c -ldl  >&5
configure:12299: $? = 0
configure:12317: result: yes
configure:12322: checking whether a statically linked program can dlopen itself
configure:12402: gcc -o conftest -fdiagnostics-color=always   -DHAVE_DLFCN_H -Wl,-rpath -Wl,\$$ORIGIN/lib  -Wl,--export-dynamic -static conftest.c -ldl  >&5
/usr/bin/ld: /tmp/ccSKaqr6.o: in function `main':
conftest.c:(.text+0x18): warning: Using 'dlopen' in statically linked applications requires at runtime the shared libraries from the glibc version used for linking
configure:12405: $? = 0
conftest: undefined symbol: _fnord
configure:12423: result: no
configure:12462: checking whether stripping libraries is possible
configure:12467: result: yes
configure:12502: checking if libtool supports shared libraries
configure:12504: result: yes
configure:12507: checking whether to build shared libraries
configure:12532: result: yes
configure:12535: checking whether to build static libraries
configure:12539: result: no
configure:12638: checking for gcc
configure:12665: result: gcc
configure:12894: checking for C compiler version
configure:12903: gcc --version >&5
gcc (Debian 10.2.1-6) 10.2.1 20210110
Copyright (C) 2020 Free Software Foundation, Inc.
This is free software; see the source for copying conditions.  There is NO
warranty; not even for MERCHANTABILITY or FITNESS FOR A PARTICULAR PURPOSE.

configure:12914: $? = 0
configure:12903: gcc -v >&5
Using built-in specs.
COLLECT_GCC=gcc
COLLECT_LTO_WRAPPER=/usr/lib/gcc/aarch64-linux-gnu/10/lto-wrapper
Target: aarch64-linux-gnu
Configured with: ../src/configure -v --with-pkgversion='Debian 10.2.1-6' --with-bugurl=file:///usr/share/doc/gcc-10/README.Bugs --enable-languages=c,ada,c++,go,d,fortran,objc,obj-c++,m2 --prefix=/usr --with-gcc-major-version-only --program-suffix=-10 --program-prefix=aarch64-linux-gnu- --enable-shared --enable-linker-build-id --libexecdir=/usr/lib --without-included-gettext --enable-threads=posix --libdir=/usr/lib --enable-nls --enable-bootstrap --enable-clocale=gnu --enable-libstdcxx-debug --enable-libstdcxx-time=yes --with-default-libstdcxx-abi=new --enable-gnu-unique-object --disable-libquadmath --disable-libquadmath-support --enable-plugin --enable-default-pie --with-system-zlib --enable-libphobos-checking=release --with-target-system-zlib=auto --enable-objc-gc=auto --enable-multiarch --enable-fix-cortex-a53-843419 --disable-werror --enable-checking=release --build=aarch64-linux-gnu --host=aarch64-linux-gnu --target=aarch64-linux-gnu --with-build-config=bootstrap-lto-lean --enable-link-mutex
Thread model: posix
Supported LTO compression algorithms: zlib zstd
gcc version 10.2.1 20210110 (Debian 10.2.1-6) 
configure:12914: $? = 0
configure:12903: gcc -V >&5
gcc: error: unrecognized command-line option '-V'
gcc: fatal error: no input files
compilation terminated.
configure:12914: $? = 1
configure:12903: gcc -qversion >&5
gcc: error: unrecognized command-line option '-qversion'; did you mean '--version'?
gcc: fatal error: no input files
compilation terminated.
configure:12914: $? = 1
configure:12918: checking whether we are using the GNU C compiler
configure:12946: result: yes
configure:12955: checking whether gcc accepts -g
configure:13016: result: yes
configure:13033: checking for gcc option to accept ISO C89
configure:13109: result: none needed
configure:13134: checking whether gcc understands -c and -o together
configure:13171: result: yes
configure:13190: checking dependency style of gcc
configure:13301: result: gcc3
configure:13375: checking for g++
configure:13391: found /usr/bin/g++
configure:13402: result: g++
configure:13429: checking for C++ compiler version
configure:13438: g++ --version >&5
g++ (Debian 10.2.1-6) 10.2.1 20210110
Copyright (C) 2020 Free Software Foundation, Inc.
This is free software; see the source for copying conditions.  There is NO
warranty; not even for MERCHANTABILITY or FITNESS FOR A PARTICULAR PURPOSE.

configure:13449: $? = 0
configure:13438: g++ -v >&5
Using built-in specs.
COLLECT_GCC=g++
COLLECT_LTO_WRAPPER=/usr/lib/gcc/aarch64-linux-gnu/10/lto-wrapper
Target: aarch64-linux-gnu
Configured with: ../src/configure -v --with-pkgversion='Debian 10.2.1-6' --with-bugurl=file:///usr/share/doc/gcc-10/README.Bugs --enable-languages=c,ada,c++,go,d,fortran,objc,obj-c++,m2 --prefix=/usr --with-gcc-major-version-only --program-suffix=-10 --program-prefix=aarch64-linux-gnu- --enable-shared --enable-linker-build-id --libexecdir=/usr/lib --without-included-gettext --enable-threads=posix --libdir=/usr/lib --enable-nls --enable-bootstrap --enable-clocale=gnu --enable-libstdcxx-debug --enable-libstdcxx-time=yes --with-default-libstdcxx-abi=new --enable-gnu-unique-object --disable-libquadmath --disable-libquadmath-support --enable-plugin --enable-default-pie --with-system-zlib --enable-libphobos-checking=release --with-target-system-zlib=auto --enable-objc-gc=auto --enable-multiarch --enable-fix-cortex-a53-843419 --disable-werror --enable-checking=release --build=aarch64-linux-gnu --host=aarch64-linux-gnu --target=aarch64-linux-gnu --with-build-config=bootstrap-lto-lean --enable-link-mutex
Thread model: posix
Supported LTO compression algorithms: zlib zstd
gcc version 10.2.1 20210110 (Debian 10.2.1-6) 
configure:13449: $? = 0
configure:13438: g++ -V >&5
g++: error: unrecognized command-line option '-V'
g++: fatal error: no input files
compilation terminated.
configure:13449: $? = 1
configure:13438: g++ -qversion >&5
g++: error: unrecognized command-line option '-qversion'; did you mean '--version'?
g++: fatal error: no input files
compilation terminated.
configure:13449: $? = 1
configure:13453: checking whether we are using the GNU C++ compiler
configure:13472: g++ -c -fdiagnostics-color=always   conftest.cpp >&5
configure:13472: $? = 0
configure:13481: result: yes
configure:13490: checking whether g++ accepts -g
configure:13510: g++ -c -g  conftest.cpp >&5
configure:13510: $? = 0
configure:13551: result: yes
configure:13576: checking dependency style of g++
configure:13687: result: gcc3
configure:13721: checking how to run the C++ preprocessor
configure:13748: g++ -E  conftest.cpp
configure:13748: $? = 0
configure:13762: g++ -E  conftest.cpp
conftest.cpp:23:10: fatal error: ac_nonexistent.h: No such file or directory
   23 | #include <ac_nonexistent.h>
      |          ^~~~~~~~~~~~~~~~~~
compilation terminated.
configure:13762: $? = 1
configure: failed program was:
| /* confdefs.h */
| #define PACKAGE_NAME "Synfig Studio"
| #define PACKAGE_TARNAME "synfigstudio"
| #define PACKAGE_VERSION "1.5.1"
| #define PACKAGE_STRING "Synfig Studio 1.5.1"
| #define PACKAGE_BUGREPORT "https://github.com/synfig/synfig/issues"
| #define PACKAGE_URL ""
| #define PACKAGE "synfigstudio"
| #define VERSION "1.5.1"
| #define STDC_HEADERS 1
| #define HAVE_SYS_TYPES_H 1
| #define HAVE_SYS_STAT_H 1
| #define HAVE_STDLIB_H 1
| #define HAVE_STRING_H 1
| #define HAVE_MEMORY_H 1
| #define HAVE_STRINGS_H 1
| #define HAVE_INTTYPES_H 1
| #define HAVE_STDINT_H 1
| #define HAVE_UNISTD_H 1
| #define HAVE_DLFCN_H 1
| #define LT_OBJDIR ".libs/"
| /* end confdefs.h.  */
| #include <ac_nonexistent.h>
configure:13787: result: g++ -E
configure:13807: g++ -E  conftest.cpp
configure:13807: $? = 0
configure:13821: g++ -E  conftest.cpp
conftest.cpp:23:10: fatal error: ac_nonexistent.h: No such file or directory
   23 | #include <ac_nonexistent.h>
      |          ^~~~~~~~~~~~~~~~~~
compilation terminated.
configure:13821: $? = 1
configure: failed program was:
| /* confdefs.h */
| #define PACKAGE_NAME "Synfig Studio"
| #define PACKAGE_TARNAME "synfigstudio"
| #define PACKAGE_VERSION "1.5.1"
| #define PACKAGE_STRING "Synfig Studio 1.5.1"
| #define PACKAGE_BUGREPORT "https://github.com/synfig/synfig/issues"
| #define PACKAGE_URL ""
| #define PACKAGE "synfigstudio"
| #define VERSION "1.5.1"
| #define STDC_HEADERS 1
| #define HAVE_SYS_TYPES_H 1
| #define HAVE_SYS_STAT_H 1
| #define HAVE_STDLIB_H 1
| #define HAVE_STRING_H 1
| #define HAVE_MEMORY_H 1
| #define HAVE_STRINGS_H 1
| #define HAVE_INTTYPES_H 1
| #define HAVE_STDINT_H 1
| #define HAVE_UNISTD_H 1
| #define HAVE_DLFCN_H 1
| #define LT_OBJDIR ".libs/"
| /* end confdefs.h.  */
| #include <ac_nonexistent.h>
configure:13983: checking for ld used by g++
configure:14050: result: /usr/bin/ld
configure:14057: checking if the linker (/usr/bin/ld) is GNU ld
configure:14072: result: yes
configure:14127: checking whether the g++ linker (/usr/bin/ld) supports shared libraries
configure:15200: result: yes
configure:15236: g++ -c -fdiagnostics-color=always   conftest.cpp >&5
configure:15239: $? = 0
configure:15720: checking for g++ option to produce PIC
configure:15727: result: -fPIC -DPIC
configure:15735: checking if g++ PIC flag -fPIC -DPIC works
configure:15753: g++ -c -fdiagnostics-color=always   -fPIC -DPIC -DPIC conftest.cpp >&5
configure:15757: $? = 0
configure:15770: result: yes
configure:15793: checking if g++ static flag -static works
configure:15821: result: yes
configure:15833: checking if g++ supports -c -o file.o
configure:15854: g++ -c -fdiagnostics-color=always   -o out/conftest2.o conftest.cpp >&5
configure:15858: $? = 0
configure:15880: result: yes
configure:15885: checking if g++ supports -c -o file.o
configure:15932: result: yes
configure:15962: checking whether the g++ linker (/usr/bin/ld) supports shared libraries
configure:16005: result: yes
configure:16146: checking dynamic linker characteristics
configure:16903: result: GNU/Linux ld.so
configure:16968: checking how to hardcode library paths into programs
configure:16993: result: immediate
configure:17038: checking how to run the C preprocessor
configure:17108: result: gcc -E
configure:17128: gcc -E  conftest.c
configure:17128: $? = 0
configure:17142: gcc -E  conftest.c
conftest.c:23:10: fatal error: ac_nonexistent.h: No such file or directory
   23 | #include <ac_nonexistent.h>
      |          ^~~~~~~~~~~~~~~~~~
compilation terminated.
configure:17142: $? = 1
configure: failed program was:
| /* confdefs.h */
| #define PACKAGE_NAME "Synfig Studio"
| #define PACKAGE_TARNAME "synfigstudio"
| #define PACKAGE_VERSION "1.5.1"
| #define PACKAGE_STRING "Synfig Studio 1.5.1"
| #define PACKAGE_BUGREPORT "https://github.com/synfig/synfig/issues"
| #define PACKAGE_URL ""
| #define PACKAGE "synfigstudio"
| #define VERSION "1.5.1"
| #define STDC_HEADERS 1
| #define HAVE_SYS_TYPES_H 1
| #define HAVE_SYS_STAT_H 1
| #define HAVE_STDLIB_H 1
| #define HAVE_STRING_H 1
| #define HAVE_MEMORY_H 1
| #define HAVE_STRINGS_H 1
| #define HAVE_INTTYPES_H 1
| #define HAVE_STDINT_H 1
| #define HAVE_UNISTD_H 1
| #define HAVE_DLFCN_H 1
| #define LT_OBJDIR ".libs/"
| /* end confdefs.h.  */
| #include <ac_nonexistent.h>
configure:17175: checking how to run the C++ preprocessor
configure:17241: result: g++ -E
configure:17261: g++ -E  conftest.cpp
configure:17261: $? = 0
configure:17275: g++ -E  conftest.cpp
conftest.cpp:23:10: fatal error: ac_nonexistent.h: No such file or directory
   23 | #include <ac_nonexistent.h>
      |          ^~~~~~~~~~~~~~~~~~
compilation terminated.
configure:17275: $? = 1
configure: failed program was:
| /* confdefs.h */
| #define PACKAGE_NAME "Synfig Studio"
| #define PACKAGE_TARNAME "synfigstudio"
| #define PACKAGE_VERSION "1.5.1"
| #define PACKAGE_STRING "Synfig Studio 1.5.1"
| #define PACKAGE_BUGREPORT "https://github.com/synfig/synfig/issues"
| #define PACKAGE_URL ""
| #define PACKAGE "synfigstudio"
| #define VERSION "1.5.1"
| #define STDC_HEADERS 1
| #define HAVE_SYS_TYPES_H 1
| #define HAVE_SYS_STAT_H 1
| #define HAVE_STDLIB_H 1
| #define HAVE_STRING_H 1
| #define HAVE_MEMORY_H 1
| #define HAVE_STRINGS_H 1
| #define HAVE_INTTYPES_H 1
| #define HAVE_STDINT_H 1
| #define HAVE_UNISTD_H 1
| #define HAVE_DLFCN_H 1
| #define LT_OBJDIR ".libs/"
| /* end confdefs.h.  */
| #include <ac_nonexistent.h>
configure:17317: checking whether g++ supports C++11 features by default
configure:17611: g++ -c -fdiagnostics-color=always   conftest.cpp >&5
configure:17611: $? = 0
configure:17618: result: yes
configure:17970: checking for optimization flags
configure:17996: result: -O2
configure:18000: checking for debug flags
configure:18029: result: -DNDEBUG
configure:18048: checking for compiler warning flags to use
configure:18095: result: none
configure:18099: checking for arc profiling
configure:18119: result: no
configure:18123: checking for branch-probabilities
configure:18143: result: no
configure:18147: checking for profiling
configure:18169: result: no
configure:18236: checking whether NLS is requested
configure:18245: result: yes
configure:18263: checking for intltool >= 0.35.0
configure:18265: result: 0.51.0 found
configure:18273: checking for intltool-update
configure:18291: found /usr/bin/intltool-update
configure:18303: result: /usr/bin/intltool-update
configure:18313: checking for intltool-merge
configure:18331: found /usr/bin/intltool-merge
configure:18343: result: /usr/bin/intltool-merge
configure:18353: checking for intltool-extract
configure:18371: found /usr/bin/intltool-extract
configure:18383: result: /usr/bin/intltool-extract
configure:18537: checking for xgettext
configure:18555: found /usr/bin/xgettext
configure:18567: result: /usr/bin/xgettext
configure:18577: checking for msgmerge
configure:18595: found /usr/bin/msgmerge
configure:18607: result: /usr/bin/msgmerge
configure:18617: checking for msgfmt
configure:18635: found /usr/bin/msgfmt
configure:18647: result: /usr/bin/msgfmt
configure:18657: checking for gmsgfmt
configure:18688: result: /usr/bin/msgfmt
configure:18708: checking for perl
configure:18726: found /usr/bin/perl
configure:18738: result: /usr/bin/perl
configure:18749: checking for perl >= 5.8.1
configure:18756: result: 5.32.1
configure:18760: checking for XML::Parser
configure:18763: result: ok
configure:18824: checking for msgfmt
configure:18856: result: /usr/bin/msgfmt
configure:18865: checking for gmsgfmt
configure:18896: result: /usr/bin/msgfmt
configure:18947: checking for xgettext
configure:18979: result: /usr/bin/xgettext
configure:19025: checking for msgmerge
configure:19056: result: /usr/bin/msgmerge
configure:19110: checking for ld used by GCC
configure:19174: result: /usr/bin/ld
configure:19181: checking if the linker (/usr/bin/ld) is GNU ld
configure:19194: result: yes
configure:19201: checking for shared library run path origin
configure:19214: result: done
configure:19650: checking for CFPreferencesCopyAppValue
configure:19668: g++ -o conftest -fdiagnostics-color=always -O2 -DNDEBUG  -Wl,-rpath -Wl,\$$ORIGIN/lib  conftest.cpp  -Wl,-framework -Wl,CoreFoundation >&5
[01m[Kconftest.cpp:24:10:[m[K [01;31m[Kfatal error: [m[KCoreFoundation/CFPreferences.h: No such file or directory
   24 | #include [01;31m[K<CoreFoundation/CFPreferences.h>[m[K
      |          [01;31m[K^~~~~~~~~~~~~~~~~~~~~~~~~~~~~~~~[m[K
compilation terminated.
configure:19668: $? = 1
configure: failed program was:
| /* confdefs.h */
| #define PACKAGE_NAME "Synfig Studio"
| #define PACKAGE_TARNAME "synfigstudio"
| #define PACKAGE_VERSION "1.5.1"
| #define PACKAGE_STRING "Synfig Studio 1.5.1"
| #define PACKAGE_BUGREPORT "https://github.com/synfig/synfig/issues"
| #define PACKAGE_URL ""
| #define PACKAGE "synfigstudio"
| #define VERSION "1.5.1"
| #define STDC_HEADERS 1
| #define HAVE_SYS_TYPES_H 1
| #define HAVE_SYS_STAT_H 1
| #define HAVE_STDLIB_H 1
| #define HAVE_STRING_H 1
| #define HAVE_MEMORY_H 1
| #define HAVE_STRINGS_H 1
| #define HAVE_INTTYPES_H 1
| #define HAVE_STDINT_H 1
| #define HAVE_UNISTD_H 1
| #define HAVE_DLFCN_H 1
| #define LT_OBJDIR ".libs/"
| #define GETTEXT_PACKAGE "synfigstudio"
| /* end confdefs.h.  */
| #include <CoreFoundation/CFPreferences.h>
| int
| main ()
| {
| CFPreferencesCopyAppValue(NULL, NULL)
|   ;
|   return 0;
| }
configure:19677: result: no
configure:19684: checking for CFLocaleCopyCurrent
configure:19702: g++ -o conftest -fdiagnostics-color=always -O2 -DNDEBUG  -Wl,-rpath -Wl,\$$ORIGIN/lib  conftest.cpp  -Wl,-framework -Wl,CoreFoundation >&5
[01m[Kconftest.cpp:24:10:[m[K [01;31m[Kfatal error: [m[KCoreFoundation/CFLocale.h: No such file or directory
   24 | #include [01;31m[K<CoreFoundation/CFLocale.h>[m[K
      |          [01;31m[K^~~~~~~~~~~~~~~~~~~~~~~~~~~[m[K
compilation terminated.
configure:19702: $? = 1
configure: failed program was:
| /* confdefs.h */
| #define PACKAGE_NAME "Synfig Studio"
| #define PACKAGE_TARNAME "synfigstudio"
| #define PACKAGE_VERSION "1.5.1"
| #define PACKAGE_STRING "Synfig Studio 1.5.1"
| #define PACKAGE_BUGREPORT "https://github.com/synfig/synfig/issues"
| #define PACKAGE_URL ""
| #define PACKAGE "synfigstudio"
| #define VERSION "1.5.1"
| #define STDC_HEADERS 1
| #define HAVE_SYS_TYPES_H 1
| #define HAVE_SYS_STAT_H 1
| #define HAVE_STDLIB_H 1
| #define HAVE_STRING_H 1
| #define HAVE_MEMORY_H 1
| #define HAVE_STRINGS_H 1
| #define HAVE_INTTYPES_H 1
| #define HAVE_STDINT_H 1
| #define HAVE_UNISTD_H 1
| #define HAVE_DLFCN_H 1
| #define LT_OBJDIR ".libs/"
| #define GETTEXT_PACKAGE "synfigstudio"
| /* end confdefs.h.  */
| #include <CoreFoundation/CFLocale.h>
| int
| main ()
| {
| CFLocaleCopyCurrent();
|   ;
|   return 0;
| }
configure:19711: result: no
configure:19740: checking for GNU gettext in libc
configure:19759: g++ -o conftest -fdiagnostics-color=always -O2 -DNDEBUG  -Wl,-rpath -Wl,\$$ORIGIN/lib  conftest.cpp  >&5
configure:19759: $? = 0
configure:19767: result: yes
configure:20356: checking whether to use NLS
configure:20358: result: yes
configure:20361: checking where the gettext function comes from
configure:20372: result: libc
configure:20557: checking for pkg-config
configure:20575: found /usr/bin/pkg-config
configure:20587: result: /usr/bin/pkg-config
configure:20612: checking pkg-config is at least version 0.9.0
configure:20615: result: yes
configure:20625: checking for gtkmm-3.0
configure:20632: $PKG_CONFIG --exists --print-errors "gtkmm-3.0"
configure:20635: $? = 0
configure:20649: $PKG_CONFIG --exists --print-errors "gtkmm-3.0"
configure:20652: $? = 0
configure:20694: result: yes
configure:20703: checking for synfig >= 1.5.1 ETL >= 1.5.1 sigc++-2.0
configure:20710: $PKG_CONFIG --exists --print-errors "synfig >= 1.5.1 ETL >= 1.5.1 sigc++-2.0"
configure:20713: $? = 0
configure:20727: $PKG_CONFIG --exists --print-errors "synfig >= 1.5.1 ETL >= 1.5.1 sigc++-2.0"
configure:20730: $? = 0
configure:20772: result: yes
configure:20791: checking for jack
configure:20798: $PKG_CONFIG --exists --print-errors "jack"
configure:20801: $? = 0
configure:20815: $PKG_CONFIG --exists --print-errors "jack"
configure:20818: $? = 0
configure:20878: result: yes
configure:20886: result: yes
configure:20888: result:  ** JACK support enabled.
configure:20915: checking for unistd.h
configure:20915: result: yes
configure:20915: checking fcntl.h usability
configure:20915: g++ -c -fdiagnostics-color=always -O2 -DNDEBUG  conftest.cpp >&5
configure:20915: $? = 0
configure:20915: result: yes
configure:20915: checking fcntl.h presence
configure:20915: g++ -E  conftest.cpp
configure:20915: $? = 0
configure:20915: result: yes
configure:20915: checking for fcntl.h
configure:20915: result: yes
configure:20928: checking for sys/types.h
configure:20928: result: yes
configure:20928: checking for sys/stat.h
configure:20928: result: yes
configure:20928: checking sys/errno.h usability
configure:20928: g++ -c -fdiagnostics-color=always -O2 -DNDEBUG  conftest.cpp >&5
configure:20928: $? = 0
configure:20928: result: yes
configure:20928: checking sys/errno.h presence
configure:20928: g++ -E  conftest.cpp
configure:20928: $? = 0
configure:20928: result: yes
configure:20928: checking for sys/errno.h
configure:20928: result: yes
configure:20960: checking for update-mime-database
configure:20978: found /usr/bin/update-mime-database
configure:20991: result: /usr/bin/update-mime-database
configure:21054: checking for fontconfig
configure:21061: $PKG_CONFIG --exists --print-errors "fontconfig"
configure:21064: $? = 0
configure:21078: $PKG_CONFIG --exists --print-errors "fontconfig"
configure:21081: $? = 0
configure:21123: result: yes
configure:21261: checking that generated files are newer than configure
configure:21267: result: done
configure:21287: creating ./config.status

## ---------------------- ##
## Running config.status. ##
## ---------------------- ##

This file was extended by Synfig Studio config.status 1.5.1, which was
generated by GNU Autoconf 2.69.  Invocation command line was

  CONFIG_FILES    = 
  CONFIG_HEADERS  = 
  CONFIG_LINKS    = 
  CONFIG_COMMANDS = 
  $ ./config.status 

on raspberrypi

config.status:: creating Makefile
config.status:: creating build_tools/Makefile
config.status:: creating doxygen.cfg
config.status:: creating po/Makefile.in
config.status:: creating synfigstudio.mime
config.status:: creating synfigstudio.keys
config.status:: creating org.synfig.SynfigStudio.xml
config.status:: creating synfigstudio-thumbnailer.schemas
config.status:: creating brushes/Makefile
config.status:: creating brushes/CD_concept/Makefile
config.status:: creating src/Makefile
config.status:: creating src/gui/Makefile
config.status:: creating src/gui/resources/Makefile
config.status:: creating src/gui/resources/css/Makefile
config.status:: creating src/gui/resources/ui/Makefile
config.status:: creating src/synfigapp/Makefile
config.status:: creating src/player/Makefile
config.status:: creating images/Makefile
config.status:: creating pkg-info/macosx/synfig-studio.info
config.status:: creating plugins/Makefile
config.status:: creating plugins/add-skeleton-simple/Makefile
config.status:: creating plugins/view-unhide-all-layers/Makefile
config.status:: creating plugins/lottie-exporter/Makefile
config.status:: creating plugins/lottie-exporter/common/Makefile
config.status:: creating plugins/lottie-exporter/effects/Makefile
config.status:: creating plugins/lottie-exporter/helpers/Makefile
config.status:: creating plugins/lottie-exporter/layers/Makefile
config.status:: creating plugins/lottie-exporter/properties/Makefile
config.status:: creating plugins/lottie-exporter/properties/shapePropKeyframe/Makefile
config.status:: creating plugins/lottie-exporter/shapes/Makefile
config.status:: creating plugins/lottie-exporter/sources/Makefile
config.status:: creating plugins/lottie-exporter/synfig/Makefile
config.status:: creating sounds/Makefile
config.status:: creating test/Makefile
config.status:: creating config.h
config.status:: config.h is unchanged
config.status:: executing depfiles commands
config.status:: cd src/gui       && sed -e '/# am--include-marker/d' Makefile         | make -f - am--depfiles
make: Nothing to be done for 'am--depfiles'.
config.status:: $? = 0
config.status:: cd src/synfigapp       && sed -e '/# am--include-marker/d' Makefile         | make -f - am--depfiles
make: Nothing to be done for 'am--depfiles'.
config.status:: $? = 0
config.status:: cd src/player       && sed -e '/# am--include-marker/d' Makefile         | make -f - am--depfiles
make: Nothing to be done for 'am--depfiles'.
config.status:: $? = 0
config.status:: cd test       && sed -e '/# am--include-marker/d' Makefile         | make -f - am--depfiles
make: Nothing to be done for 'am--depfiles'.
config.status:: $? = 0
config.status:: executing libtool commands
config.status:: executing po-directories commands
config.status:: executing po/stamp-it commands

## ---------------- ##
## Cache variables. ##
## ---------------- ##

ac_cv_build=aarch64-unknown-linux-gnu
ac_cv_c_compiler_gnu=yes
ac_cv_cxx_compiler_gnu=yes
ac_cv_env_CCC_set=
ac_cv_env_CCC_value=
ac_cv_env_CC_set=
ac_cv_env_CC_value=
ac_cv_env_CFLAGS_set=set
ac_cv_env_CFLAGS_value='-fdiagnostics-color=always '
ac_cv_env_CPPFLAGS_set=
ac_cv_env_CPPFLAGS_value=
ac_cv_env_CPP_set=
ac_cv_env_CPP_value=
ac_cv_env_CXXCPP_set=
ac_cv_env_CXXCPP_value=
ac_cv_env_CXXFLAGS_set=set
ac_cv_env_CXXFLAGS_value='-fdiagnostics-color=always '
ac_cv_env_CXX_set=
ac_cv_env_CXX_value=
ac_cv_env_FONTCONFIG_CFLAGS_set=
ac_cv_env_FONTCONFIG_CFLAGS_value=
ac_cv_env_FONTCONFIG_LIBS_set=
ac_cv_env_FONTCONFIG_LIBS_value=
ac_cv_env_GTKMM_CFLAGS_set=
ac_cv_env_GTKMM_CFLAGS_value=
ac_cv_env_GTKMM_LIBS_set=
ac_cv_env_GTKMM_LIBS_value=
ac_cv_env_JACK_CFLAGS_set=
ac_cv_env_JACK_CFLAGS_value=
ac_cv_env_JACK_LIBS_set=
ac_cv_env_JACK_LIBS_value=
ac_cv_env_LDFLAGS_set=set
ac_cv_env_LDFLAGS_value='-Wl,-rpath -Wl,\$$ORIGIN/lib '
ac_cv_env_LIBS_set=
ac_cv_env_LIBS_value=
ac_cv_env_LT_SYS_LIBRARY_PATH_set=
ac_cv_env_LT_SYS_LIBRARY_PATH_value=
ac_cv_env_PKG_CONFIG_LIBDIR_set=
ac_cv_env_PKG_CONFIG_LIBDIR_value=
ac_cv_env_PKG_CONFIG_PATH_set=set
ac_cv_env_PKG_CONFIG_PATH_value=/home/incogninto1-1/synfig/_production/build/lib/pkgconfig:/home/incogninto1-1/synfig/_production/build/lib64/pkgconfig:/usr/local/lib/pkgconfig:/usr/lib/unknown-linux-gnu/pkgconfig/:
ac_cv_env_PKG_CONFIG_set=
ac_cv_env_PKG_CONFIG_value=
ac_cv_env_SYNFIG_CFLAGS_set=
ac_cv_env_SYNFIG_CFLAGS_value=
ac_cv_env_SYNFIG_LIBS_set=
ac_cv_env_SYNFIG_LIBS_value=
ac_cv_env_build_alias_set=
ac_cv_env_build_alias_value=
ac_cv_env_host_alias_set=
ac_cv_env_host_alias_value=
ac_cv_env_target_alias_set=
ac_cv_env_target_alias_value=
ac_cv_func_dlopen=no
ac_cv_func_shl_load=no
ac_cv_header_dlfcn_h=yes
ac_cv_header_fcntl_h=yes
ac_cv_header_inttypes_h=yes
ac_cv_header_memory_h=yes
ac_cv_header_stdc=yes
ac_cv_header_stdint_h=yes
ac_cv_header_stdlib_h=yes
ac_cv_header_string_h=yes
ac_cv_header_strings_h=yes
ac_cv_header_sys_errno_h=yes
ac_cv_header_sys_stat_h=yes
ac_cv_header_sys_types_h=yes
ac_cv_header_unistd_h=yes
ac_cv_host=aarch64-unknown-linux-gnu
ac_cv_lib_dl_dlopen=yes
ac_cv_lib_dld_shl_load=no
ac_cv_objext=o
ac_cv_path_EGREP='/usr/bin/grep -E'
ac_cv_path_FGREP='/usr/bin/grep -F'
ac_cv_path_GMSGFMT=/usr/bin/msgfmt
ac_cv_path_GREP=/usr/bin/grep
ac_cv_path_INTLTOOL_EXTRACT=/usr/bin/intltool-extract
ac_cv_path_INTLTOOL_MERGE=/usr/bin/intltool-merge
ac_cv_path_INTLTOOL_PERL=/usr/bin/perl
ac_cv_path_INTLTOOL_UPDATE=/usr/bin/intltool-update
ac_cv_path_MSGFMT=/usr/bin/msgfmt
ac_cv_path_MSGMERGE=/usr/bin/msgmerge
ac_cv_path_SED=/usr/bin/sed
ac_cv_path_UPDATE_MIME_DATABASE=/usr/bin/update-mime-database
ac_cv_path_XGETTEXT=/usr/bin/xgettext
ac_cv_path_ac_pt_PKG_CONFIG=/usr/bin/pkg-config
ac_cv_path_install='/usr/bin/install -c'
ac_cv_path_lt_DD=/usr/bin/dd
ac_cv_path_mkdir=/usr/bin/mkdir
ac_cv_prog_AWK=mawk
ac_cv_prog_CPP='gcc -E'
ac_cv_prog_CXXCPP='g++ -E'
ac_cv_prog_ac_ct_AR=ar
ac_cv_prog_ac_ct_CC=gcc
ac_cv_prog_ac_ct_CXX=g++
ac_cv_prog_ac_ct_MANIFEST_TOOL=mt
ac_cv_prog_ac_ct_OBJDUMP=objdump
ac_cv_prog_ac_ct_RANLIB=ranlib
ac_cv_prog_ac_ct_STRIP=strip
ac_cv_prog_cc_c89=
ac_cv_prog_cc_g=yes
ac_cv_prog_cxx_g=yes
ac_cv_prog_make_make_set=yes
acl_cv_hardcode_direct=no
acl_cv_hardcode_libdir_flag_spec='${wl}-rpath ${wl}$libdir'
acl_cv_hardcode_libdir_separator=
acl_cv_hardcode_minus_L=no
acl_cv_libext=a
acl_cv_path_LD=/usr/bin/ld
acl_cv_prog_gnu_ld=yes
acl_cv_rpath=done
acl_cv_shlibext=so
acl_cv_wl=-Wl,
am_cv_CC_dependencies_compiler_type=gcc3
am_cv_CXX_dependencies_compiler_type=gcc3
am_cv_make_support_nested_variables=yes
am_cv_prog_cc_c_o=yes
ax_cv_cxx_compile_cxx11=yes
gt_cv_func_CFLocaleCopyCurrent=no
gt_cv_func_CFPreferencesCopyAppValue=no
gt_cv_func_gnugettext1_libc=yes
lt_cv_ar_at_file=@
lt_cv_archive_cmds_need_lc=no
lt_cv_deplibs_check_method=pass_all
lt_cv_dlopen=dlopen
lt_cv_dlopen_libs=-ldl
lt_cv_dlopen_self=yes
lt_cv_dlopen_self_static=no
lt_cv_file_magic_cmd='$MAGIC_CMD'
lt_cv_file_magic_test_file=
lt_cv_ld_reload_flag=-r
lt_cv_nm_interface='BSD nm'
lt_cv_objdir=.libs
lt_cv_path_LD=/usr/bin/ld
lt_cv_path_LDCXX=/usr/bin/ld
lt_cv_path_NM='/usr/bin/nm -B'
lt_cv_path_mainfest_tool=no
lt_cv_prog_compiler_c_o=yes
lt_cv_prog_compiler_c_o_CXX=yes
lt_cv_prog_compiler_pic='-fPIC -DPIC'
lt_cv_prog_compiler_pic_CXX='-fPIC -DPIC'
lt_cv_prog_compiler_pic_works=yes
lt_cv_prog_compiler_pic_works_CXX=yes
lt_cv_prog_compiler_rtti_exceptions=no
lt_cv_prog_compiler_static_works=yes
lt_cv_prog_compiler_static_works_CXX=yes
lt_cv_prog_gnu_ld=yes
lt_cv_prog_gnu_ldcxx=yes
lt_cv_sharedlib_from_linklib_cmd='printf %s\n'
lt_cv_shlibpath_overrides_runpath=yes
lt_cv_sys_global_symbol_pipe='sed -n -e '\''s/^.*[	 ]\([ABCDGIRSTW][ABCDGIRSTW]*\)[	 ][	 ]*\([_A-Za-z][_A-Za-z0-9]*\)$/\1 \2 \2/p'\'' | sed '\''/ __gnu_lto/d'\'''
lt_cv_sys_global_symbol_to_c_name_address='sed -n -e '\''s/^: \(.*\) .*$/  {"\1", (void *) 0},/p'\'' -e '\''s/^[ABCDGIRSTW][ABCDGIRSTW]* .* \(.*\)$/  {"\1", (void *) \&\1},/p'\'''
lt_cv_sys_global_symbol_to_c_name_address_lib_prefix='sed -n -e '\''s/^: \(.*\) .*$/  {"\1", (void *) 0},/p'\'' -e '\''s/^[ABCDGIRSTW][ABCDGIRSTW]* .* \(lib.*\)$/  {"\1", (void *) \&\1},/p'\'' -e '\''s/^[ABCDGIRSTW][ABCDGIRSTW]* .* \(.*\)$/  {"lib\1", (void *) \&\1},/p'\'''
lt_cv_sys_global_symbol_to_cdecl='sed -n -e '\''s/^T .* \(.*\)$/extern int \1();/p'\'' -e '\''s/^[ABCDGIRSTW][ABCDGIRSTW]* .* \(.*\)$/extern char \1;/p'\'''
lt_cv_sys_global_symbol_to_import=
lt_cv_sys_max_cmd_len=1572864
lt_cv_to_host_file_cmd=func_convert_file_noop
lt_cv_to_tool_file_cmd=func_convert_file_noop
lt_cv_truncate_bin='/usr/bin/dd bs=4096 count=1'
pkg_cv_FONTCONFIG_CFLAGS='-I/usr/include/uuid -I/usr/include/freetype2 -I/usr/include/libpng16'
pkg_cv_FONTCONFIG_LIBS='-lfontconfig -lfreetype'
pkg_cv_GTKMM_CFLAGS='-pthread -I/usr/include/gtkmm-3.0 -I/usr/lib/aarch64-linux-gnu/gtkmm-3.0/include -I/usr/include/atkmm-1.6 -I/usr/include/gtk-3.0/unix-print -I/usr/include/gdkmm-3.0 -I/usr/lib/aarch64-linux-gnu/gdkmm-3.0/include -I/usr/include/giomm-2.4 -I/usr/lib/aarch64-linux-gnu/giomm-2.4/include -I/usr/include/pangomm-1.4 -I/usr/lib/aarch64-linux-gnu/pangomm-1.4/include -I/usr/include/glibmm-2.4 -I/usr/lib/aarch64-linux-gnu/glibmm-2.4/include -I/usr/include/gtk-3.0 -I/usr/include/at-spi2-atk/2.0 -I/usr/include/at-spi-2.0 -I/usr/include/dbus-1.0 -I/usr/lib/aarch64-linux-gnu/dbus-1.0/include -I/usr/include/gtk-3.0 -I/usr/include/gio-unix-2.0 -I/usr/include/cairo -I/usr/include/pango-1.0 -I/usr/include/fribidi -I/usr/include/harfbuzz -I/usr/include/atk-1.0 -I/usr/include/cairo -I/usr/include/cairomm-1.0 -I/usr/lib/aarch64-linux-gnu/cairomm-1.0/include -I/usr/include/cairo -I/usr/include/pixman-1 -I/usr/include/uuid -I/usr/include/freetype2 -I/usr/include/libpng16 -I/usr/include/sigc++-2.0 -I/usr/lib/aarch64-linux-gnu/sigc++-2.0/include -I/usr/include/gdk-pixbuf-2.0 -I/usr/include/libmount -I/usr/include/blkid -I/usr/include/glib-2.0 -I/usr/lib/aarch64-linux-gnu/glib-2.0/include'
pkg_cv_GTKMM_LIBS='-lgtkmm-3.0 -latkmm-1.6 -lgdkmm-3.0 -lgiomm-2.4 -lpangomm-1.4 -lglibmm-2.4 -lgtk-3 -lgdk-3 -lpangocairo-1.0 -lpango-1.0 -lharfbuzz -latk-1.0 -lcairo-gobject -lgio-2.0 -lcairomm-1.0 -lcairo -lsigc-2.0 -lgdk_pixbuf-2.0 -lgobject-2.0 -lglib-2.0'
pkg_cv_JACK_CFLAGS=
pkg_cv_JACK_LIBS=-ljack
pkg_cv_SYNFIG_CFLAGS='-fopenmp -DMAGICKCORE_HDRI_ENABLE=0 -DMAGICKCORE_QUANTUM_DEPTH=16 -fopenmp -DMAGICKCORE_HDRI_ENABLE=0 -DMAGICKCORE_QUANTUM_DEPTH=16 -fopenmp -DMAGICKCORE_HDRI_ENABLE=0 -DMAGICKCORE_QUANTUM_DEPTH=16 -pthread -D_REENTRANT -I/home/incogninto1-1/synfig/synfig-core/src -I/home/incogninto1-1/synfig/ETL -I/home/incogninto1-1/synfig/_production/build/include/ETL -I/usr/include/aarch64-linux-gnu//ImageMagick-6 -I/usr/include/ImageMagick-6 -I/usr/include/aarch64-linux-gnu//ImageMagick-6 -I/usr/include/ImageMagick-6 -I/usr/include/aarch64-linux-gnu//ImageMagick-6 -I/usr/include/ImageMagick-6 -I/usr/include/uuid -I/usr/include/freetype2 -I/usr/include/libpng16 -I/usr/include/OpenEXR -I/usr/include/giomm-2.4 -I/usr/lib/aarch64-linux-gnu/giomm-2.4/include -I/usr/include/libmount -I/usr/include/blkid -I/usr/include/libxml++-2.6 -I/usr/lib/aarch64-linux-gnu/libxml++-2.6/include -I/usr/include/libxml2 -I/usr/include/glibmm-2.4 -I/usr/lib/aarch64-linux-gnu/glibmm-2.4/include -I/usr/include/glib-2.0 -I/usr/lib/aarch64-linux-gnu/glib-2.0/include -I/usr/include/mlt++ -I/usr/include/mlt -I/usr/include/sigc++-2.0 -I/usr/lib/aarch64-linux-gnu/sigc++-2.0/include'
pkg_cv_SYNFIG_LIBS='-L/home/incogninto1-1/synfig/_production/build/lib -lsynfig -lMagick++-6.Q16 -lMagickWand-6.Q16 -lMagickCore-6.Q16 -lfontconfig -lfreetype -lIlmImf-2_5 -lImath-2_5 -lHalf-2_5 -lIex-2_5 -lIexMath-2_5 -lIlmThread-2_5 -pthread -lgiomm-2.4 -lgio-2.0 -lxml++-2.6 -lxml2 -lglibmm-2.4 -lgobject-2.0 -lglib-2.0 -lfftw3 -lmlt++ -lmlt -lsigc-2.0'

## ----------------- ##
## Output variables. ##
## ----------------- ##

ACLOCAL='${SHELL} '\''/home/incogninto1-1/synfig/synfig-studio/config/missing'\'' aclocal-1.16'
ALL_LINGUAS=''
AMDEPBACKSLASH='\'
AMDEP_FALSE='#'
AMDEP_TRUE=''
AMTAR='$${TAR-tar}'
AM_BACKSLASH='\'
AM_DEFAULT_V='$(AM_DEFAULT_VERBOSITY)'
AM_DEFAULT_VERBOSITY='0'
AM_V='$(V)'
API_VERSION='1.0'
AR='ar'
AS='as'
AUTOCONF='${SHELL} '\''/home/incogninto1-1/synfig/synfig-studio/config/missing'\'' autoconf'
AUTOHEADER='${SHELL} '\''/home/incogninto1-1/synfig/synfig-studio/config/missing'\'' autoheader'
AUTOMAKE='${SHELL} '\''/home/incogninto1-1/synfig/synfig-studio/config/missing'\'' automake-1.16'
AWK='mawk'
CC='gcc'
CCDEPMODE='depmode=gcc3'
CFLAGS='-fdiagnostics-color=always -O2 -DNDEBUG'
CPP='gcc -E'
CPPFLAGS=''
CXX='g++'
CXXCPP='g++ -E'
CXXDEPMODE='depmode=gcc3'
CXXFLAGS='-fdiagnostics-color=always -O2 -DNDEBUG'
CYGPATH_W='echo'
DEFS='-DHAVE_CONFIG_H'
DEPDIR='.deps'
DEVELOPMENT_SNAPSHOT_FALSE='#'
DEVELOPMENT_SNAPSHOT_TRUE=''
DLLTOOL='false'
DSYMUTIL=''
DUMPBIN=''
ECHO_C=''
ECHO_N='-n'
ECHO_T=''
EGREP='/usr/bin/grep -E'
ENABLE_UPDATE_MIMEDB_FALSE='#'
ENABLE_UPDATE_MIMEDB_TRUE=''
EXEEXT=''
FGREP='/usr/bin/grep -F'
FONTCONFIG_CFLAGS='-I/usr/include/uuid -I/usr/include/freetype2 -I/usr/include/libpng16'
FONTCONFIG_LIBS='-lfontconfig -lfreetype'
GETTEXT_PACKAGE='synfigstudio'
GMSGFMT='/usr/bin/msgfmt'
GMSGFMT_015='/usr/bin/msgfmt'
GREP='/usr/bin/grep'
GTKMM_CFLAGS='-pthread -I/usr/include/gtkmm-3.0 -I/usr/lib/aarch64-linux-gnu/gtkmm-3.0/include -I/usr/include/atkmm-1.6 -I/usr/include/gtk-3.0/unix-print -I/usr/include/gdkmm-3.0 -I/usr/lib/aarch64-linux-gnu/gdkmm-3.0/include -I/usr/include/giomm-2.4 -I/usr/lib/aarch64-linux-gnu/giomm-2.4/include -I/usr/include/pangomm-1.4 -I/usr/lib/aarch64-linux-gnu/pangomm-1.4/include -I/usr/include/glibmm-2.4 -I/usr/lib/aarch64-linux-gnu/glibmm-2.4/include -I/usr/include/gtk-3.0 -I/usr/include/at-spi2-atk/2.0 -I/usr/include/at-spi-2.0 -I/usr/include/dbus-1.0 -I/usr/lib/aarch64-linux-gnu/dbus-1.0/include -I/usr/include/gtk-3.0 -I/usr/include/gio-unix-2.0 -I/usr/include/cairo -I/usr/include/pango-1.0 -I/usr/include/fribidi -I/usr/include/harfbuzz -I/usr/include/atk-1.0 -I/usr/include/cairo -I/usr/include/cairomm-1.0 -I/usr/lib/aarch64-linux-gnu/cairomm-1.0/include -I/usr/include/cairo -I/usr/include/pixman-1 -I/usr/include/uuid -I/usr/include/freetype2 -I/usr/include/libpng16 -I/usr/include/sigc++-2.0 -I/usr/lib/aarch64-linux-gnu/sigc++-2.0/include -I/usr/include/gdk-pixbuf-2.0 -I/usr/include/libmount -I/usr/include/blkid -I/usr/include/glib-2.0 -I/usr/lib/aarch64-linux-gnu/glib-2.0/include'
GTKMM_LIBS='-lgtkmm-3.0 -latkmm-1.6 -lgdkmm-3.0 -lgiomm-2.4 -lpangomm-1.4 -lglibmm-2.4 -lgtk-3 -lgdk-3 -lpangocairo-1.0 -lpango-1.0 -lharfbuzz -latk-1.0 -lcairo-gobject -lgio-2.0 -lcairomm-1.0 -lcairo -lsigc-2.0 -lgdk_pixbuf-2.0 -lgobject-2.0 -lglib-2.0'
HAVE_CXX11=''
INSTALL_DATA='${INSTALL} -m 644'
INSTALL_PROGRAM='${INSTALL}'
INSTALL_SCRIPT='${INSTALL}'
INSTALL_STRIP_PROGRAM='$(install_sh) -c -s'
INTLLIBS=''
INTLTOOL_CAVES_RULE='%.caves:     %.caves.in     $(INTLTOOL_MERGE) $(wildcard $(top_srcdir)/po/*.po) ; $(INTLTOOL_V_MERGE)LC_ALL=C $(INTLTOOL_MERGE) $(INTLTOOL_V_MERGE_OPTIONS) -d -u -c $(top_builddir)/po/.intltool-merge-cache $(top_srcdir)/po $< $@'
INTLTOOL_DESKTOP_RULE='%.desktop:   %.desktop.in   $(INTLTOOL_MERGE) $(wildcard $(top_srcdir)/po/*.po) ; $(INTLTOOL_V_MERGE)LC_ALL=C $(INTLTOOL_MERGE) $(INTLTOOL_V_MERGE_OPTIONS) -d -u -c $(top_builddir)/po/.intltool-merge-cache $(top_srcdir)/po $< $@'
INTLTOOL_DIRECTORY_RULE='%.directory: %.directory.in $(INTLTOOL_MERGE) $(wildcard $(top_srcdir)/po/*.po) ; $(INTLTOOL_V_MERGE)LC_ALL=C $(INTLTOOL_MERGE) $(INTLTOOL_V_MERGE_OPTIONS) -d -u -c $(top_builddir)/po/.intltool-merge-cache $(top_srcdir)/po $< $@'
INTLTOOL_EXTRACT='/usr/bin/intltool-extract'
INTLTOOL_KBD_RULE='%.kbd:       %.kbd.in       $(INTLTOOL_MERGE) $(wildcard $(top_srcdir)/po/*.po) ; $(INTLTOOL_V_MERGE)LC_ALL=C $(INTLTOOL_MERGE) $(INTLTOOL_V_MERGE_OPTIONS) -x -u -m -c $(top_builddir)/po/.intltool-merge-cache $(top_srcdir)/po $< $@'
INTLTOOL_KEYS_RULE='%.keys:      %.keys.in      $(INTLTOOL_MERGE) $(wildcard $(top_srcdir)/po/*.po) ; $(INTLTOOL_V_MERGE)LC_ALL=C $(INTLTOOL_MERGE) $(INTLTOOL_V_MERGE_OPTIONS) -k -u -c $(top_builddir)/po/.intltool-merge-cache $(top_srcdir)/po $< $@'
INTLTOOL_MERGE='/usr/bin/intltool-merge'
INTLTOOL_OAF_RULE='%.oaf:       %.oaf.in       $(INTLTOOL_MERGE) $(wildcard $(top_srcdir)/po/*.po) ; $(INTLTOOL_V_MERGE)LC_ALL=C $(INTLTOOL_MERGE) $(INTLTOOL_V_MERGE_OPTIONS) -o -p $(top_srcdir)/po $< $@'
INTLTOOL_PERL='/usr/bin/perl'
INTLTOOL_POLICY_RULE='%.policy:    %.policy.in    $(INTLTOOL_MERGE) $(wildcard $(top_srcdir)/po/*.po) ; $(INTLTOOL_V_MERGE)LC_ALL=C $(INTLTOOL_MERGE) $(INTLTOOL_V_MERGE_OPTIONS) -x -u -c $(top_builddir)/po/.intltool-merge-cache $(top_srcdir)/po $< $@'
INTLTOOL_PONG_RULE='%.pong:      %.pong.in      $(INTLTOOL_MERGE) $(wildcard $(top_srcdir)/po/*.po) ; $(INTLTOOL_V_MERGE)LC_ALL=C $(INTLTOOL_MERGE) $(INTLTOOL_V_MERGE_OPTIONS) -x -u -c $(top_builddir)/po/.intltool-merge-cache $(top_srcdir)/po $< $@'
INTLTOOL_PROP_RULE='%.prop:      %.prop.in      $(INTLTOOL_MERGE) $(wildcard $(top_srcdir)/po/*.po) ; $(INTLTOOL_V_MERGE)LC_ALL=C $(INTLTOOL_MERGE) $(INTLTOOL_V_MERGE_OPTIONS) -d -u -c $(top_builddir)/po/.intltool-merge-cache $(top_srcdir)/po $< $@'
INTLTOOL_SCHEMAS_RULE='%.schemas:   %.schemas.in   $(INTLTOOL_MERGE) $(wildcard $(top_srcdir)/po/*.po) ; $(INTLTOOL_V_MERGE)LC_ALL=C $(INTLTOOL_MERGE) $(INTLTOOL_V_MERGE_OPTIONS) -s -u -c $(top_builddir)/po/.intltool-merge-cache $(top_srcdir)/po $< $@'
INTLTOOL_SERVER_RULE='%.server:    %.server.in    $(INTLTOOL_MERGE) $(wildcard $(top_srcdir)/po/*.po) ; $(INTLTOOL_V_MERGE)LC_ALL=C $(INTLTOOL_MERGE) $(INTLTOOL_V_MERGE_OPTIONS) -o -u -c $(top_builddir)/po/.intltool-merge-cache $(top_srcdir)/po $< $@'
INTLTOOL_SERVICE_RULE='%.service: %.service.in   $(INTLTOOL_MERGE) $(wildcard $(top_srcdir)/po/*.po) ; $(INTLTOOL_V_MERGE)LC_ALL=C $(INTLTOOL_MERGE) $(INTLTOOL_V_MERGE_OPTIONS) -d -u -c $(top_builddir)/po/.intltool-merge-cache $(top_srcdir)/po $< $@'
INTLTOOL_SHEET_RULE='%.sheet:     %.sheet.in     $(INTLTOOL_MERGE) $(wildcard $(top_srcdir)/po/*.po) ; $(INTLTOOL_V_MERGE)LC_ALL=C $(INTLTOOL_MERGE) $(INTLTOOL_V_MERGE_OPTIONS) -x -u -c $(top_builddir)/po/.intltool-merge-cache $(top_srcdir)/po $< $@'
INTLTOOL_SOUNDLIST_RULE='%.soundlist: %.soundlist.in $(INTLTOOL_MERGE) $(wildcard $(top_srcdir)/po/*.po) ; $(INTLTOOL_V_MERGE)LC_ALL=C $(INTLTOOL_MERGE) $(INTLTOOL_V_MERGE_OPTIONS) -d -u -c $(top_builddir)/po/.intltool-merge-cache $(top_srcdir)/po $< $@'
INTLTOOL_THEME_RULE='%.theme:     %.theme.in     $(INTLTOOL_MERGE) $(wildcard $(top_srcdir)/po/*.po) ; $(INTLTOOL_V_MERGE)LC_ALL=C $(INTLTOOL_MERGE) $(INTLTOOL_V_MERGE_OPTIONS) -d -u -c $(top_builddir)/po/.intltool-merge-cache $(top_srcdir)/po $< $@'
INTLTOOL_UI_RULE='%.ui:        %.ui.in        $(INTLTOOL_MERGE) $(wildcard $(top_srcdir)/po/*.po) ; $(INTLTOOL_V_MERGE)LC_ALL=C $(INTLTOOL_MERGE) $(INTLTOOL_V_MERGE_OPTIONS) -x -u -c $(top_builddir)/po/.intltool-merge-cache $(top_srcdir)/po $< $@'
INTLTOOL_UPDATE='/usr/bin/intltool-update'
INTLTOOL_V_MERGE='$(INTLTOOL__v_MERGE_$(V))'
INTLTOOL_V_MERGE_OPTIONS='$(intltool__v_merge_options_$(V))'
INTLTOOL_XAM_RULE='%.xam:       %.xml.in       $(INTLTOOL_MERGE) $(wildcard $(top_srcdir)/po/*.po) ; $(INTLTOOL_V_MERGE)LC_ALL=C $(INTLTOOL_MERGE) $(INTLTOOL_V_MERGE_OPTIONS) -x -u -c $(top_builddir)/po/.intltool-merge-cache $(top_srcdir)/po $< $@'
INTLTOOL_XML_NOMERGE_RULE='%.xml:       %.xml.in       $(INTLTOOL_MERGE) ; $(INTLTOOL_V_MERGE)LC_ALL=C $(INTLTOOL_MERGE) $(INTLTOOL_V_MERGE_OPTIONS) -x -u --no-translations $< $@'
INTLTOOL_XML_RULE='%.xml:       %.xml.in       $(INTLTOOL_MERGE) $(wildcard $(top_srcdir)/po/*.po) ; $(INTLTOOL_V_MERGE)LC_ALL=C $(INTLTOOL_MERGE) $(INTLTOOL_V_MERGE_OPTIONS) -x -u -c $(top_builddir)/po/.intltool-merge-cache $(top_srcdir)/po $< $@'
INTLTOOL__v_MERGE_0='@echo "  ITMRG " $@;'
INTLTOOL__v_MERGE_='$(INTLTOOL__v_MERGE_$(AM_DEFAULT_VERBOSITY))'
INTL_MACOSX_LIBS=''
JACK_CFLAGS=''
JACK_LIBS='-ljack'
LD='/usr/bin/ld'
LDFLAGS='-Wl,-rpath -Wl,\$$ORIGIN/lib '
LIBICONV='-liconv'
LIBINTL=''
LIBOBJS=''
LIBS=''
LIBTOOL='$(SHELL) $(top_builddir)/libtool'
LIBTOOL_DEPS='/home/incogninto1-1/synfig/synfig-studio/config/ltmain.sh'
LIPO=''
LN_S='ln -s'
LOCALEDIR='${datarootdir}/locale'
LTLIBICONV='-liconv'
LTLIBINTL=''
LTLIBOBJS=''
LT_SYS_LIBRARY_PATH=''
MACOSX_PKG_FALSE=''
MACOSX_PKG_TRUE='#'
MAINT='#'
MAINTAINER_MODE_FALSE=''
MAINTAINER_MODE_TRUE='#'
MAKEINFO='${SHELL} '\''/home/incogninto1-1/synfig/synfig-studio/config/missing'\'' makeinfo'
MANIFEST_TOOL=':'
MKDIR_P='/usr/bin/mkdir -p'
MSGFMT='/usr/bin/msgfmt'
MSGFMT_015='/usr/bin/msgfmt'
MSGMERGE='/usr/bin/msgmerge'
NM='/usr/bin/nm -B'
NMEDIT=''
OBJDUMP='objdump'
OBJEXT='o'
OTOOL64=''
OTOOL=''
PACKAGE='synfigstudio'
PACKAGE_BUGREPORT='https://github.com/synfig/synfig/issues'
PACKAGE_NAME='Synfig Studio'
PACKAGE_STRING='Synfig Studio 1.5.1'
PACKAGE_TARNAME='synfigstudio'
PACKAGE_URL=''
PACKAGE_VERSION='1.5.1'
PATH_SEPARATOR=':'
PKG_CONFIG='/usr/bin/pkg-config'
PKG_CONFIG_LIBDIR=''
PKG_CONFIG_PATH='/home/incogninto1-1/synfig/_production/build/lib/pkgconfig:/home/incogninto1-1/synfig/_production/build/lib64/pkgconfig:/usr/local/lib/pkgconfig:/usr/lib/unknown-linux-gnu/pkgconfig/:'
POSUB='po'
RANLIB='ranlib'
SED='/usr/bin/sed'
SET_MAKE=''
SHELL='/bin/sh'
STRIP='strip'
SYNFIG_CFLAGS='-fopenmp -DMAGICKCORE_HDRI_ENABLE=0 -DMAGICKCORE_QUANTUM_DEPTH=16 -fopenmp -DMAGICKCORE_HDRI_ENABLE=0 -DMAGICKCORE_QUANTUM_DEPTH=16 -fopenmp -DMAGICKCORE_HDRI_ENABLE=0 -DMAGICKCORE_QUANTUM_DEPTH=16 -pthread -D_REENTRANT -I/home/incogninto1-1/synfig/synfig-core/src -I/home/incogninto1-1/synfig/ETL -I/home/incogninto1-1/synfig/_production/build/include/ETL -I/usr/include/aarch64-linux-gnu//ImageMagick-6 -I/usr/include/ImageMagick-6 -I/usr/include/aarch64-linux-gnu//ImageMagick-6 -I/usr/include/ImageMagick-6 -I/usr/include/aarch64-linux-gnu//ImageMagick-6 -I/usr/include/ImageMagick-6 -I/usr/include/uuid -I/usr/include/freetype2 -I/usr/include/libpng16 -I/usr/include/OpenEXR -I/usr/include/giomm-2.4 -I/usr/lib/aarch64-linux-gnu/giomm-2.4/include -I/usr/include/libmount -I/usr/include/blkid -I/usr/include/libxml++-2.6 -I/usr/lib/aarch64-linux-gnu/libxml++-2.6/include -I/usr/include/libxml2 -I/usr/include/glibmm-2.4 -I/usr/lib/aarch64-linux-gnu/glibmm-2.4/include -I/usr/include/glib-2.0 -I/usr/lib/aarch64-linux-gnu/glib-2.0/include -I/usr/include/mlt++ -I/usr/include/mlt -I/usr/include/sigc++-2.0 -I/usr/lib/aarch64-linux-gnu/sigc++-2.0/include'
SYNFIG_LIBS='-L/home/incogninto1-1/synfig/_production/build/lib -lsynfig -lMagick++-6.Q16 -lMagickWand-6.Q16 -lMagickCore-6.Q16 -lfontconfig -lfreetype -lIlmImf-2_5 -lImath-2_5 -lHalf-2_5 -lIex-2_5 -lIexMath-2_5 -lIlmThread-2_5 -pthread -lgiomm-2.4 -lgio-2.0 -lxml++-2.6 -lxml2 -lglibmm-2.4 -lgobject-2.0 -lglib-2.0 -lfftw3 -lmlt++ -lmlt -lsigc-2.0'
UPDATE_MIME_DATABASE='/usr/bin/update-mime-database'
USE_NLS='yes'
VERSION='1.5.1'
WIN32_PKG_FALSE=''
WIN32_PKG_TRUE='#'
WITH_FONTCONFIG_FALSE='#'
WITH_FONTCONFIG_TRUE=''
WITH_IMAGES_FALSE='#'
WITH_IMAGES_TRUE=''
XGETTEXT='/usr/bin/xgettext'
XGETTEXT_015='/usr/bin/xgettext'
ac_ct_AR='ar'
ac_ct_CC='gcc'
ac_ct_CXX='g++'
ac_ct_DUMPBIN=''
am__EXEEXT_FALSE=''
am__EXEEXT_TRUE='#'
am__fastdepCC_FALSE='#'
am__fastdepCC_TRUE=''
am__fastdepCXX_FALSE='#'
am__fastdepCXX_TRUE=''
am__include='include'
am__isrc=' -I$(srcdir)'
am__leading_dot='.'
am__nodep='_no'
am__quote=''
am__tar='$${TAR-tar} chof - "$$tardir"'
am__untar='$${TAR-tar} xf -'
bindir='${exec_prefix}/bin'
build='aarch64-unknown-linux-gnu'
build_alias=''
build_cpu='aarch64'
build_os='linux-gnu'
build_vendor='unknown'
datadir='${datarootdir}'
datarootdir='${prefix}/share'
docdir='${datarootdir}/doc/${PACKAGE_TARNAME}'
dvidir='${docdir}'
exec_prefix='${prefix}'
host='aarch64-unknown-linux-gnu'
host_alias=''
host_cpu='aarch64'
host_os='linux-gnu'
host_vendor='unknown'
htmldir='${docdir}'
imagedir=''
imageext='png'
includedir='/home/incogninto1-1/synfig/_production/build/include'
infodir='${datarootdir}/info'
install_sh='${SHELL} /home/incogninto1-1/synfig/synfig-studio/config/install-sh'
intltool__v_merge_options_0='-q'
intltool__v_merge_options_='$(intltool__v_merge_options_$(AM_DEFAULT_VERBOSITY))'
libdir='${exec_prefix}/lib'
libexecdir='${exec_prefix}/libexec'
localedir='${datarootdir}/locale'
localstatedir='${prefix}/var'
mandir='${datarootdir}/man'
mkdir_p='/usr/bin/mkdir -p'
oldincludedir='/usr/include'
pdfdir='${docdir}'
prefix='/home/incogninto1-1/synfig/_production/build'
program_transform_name='s,x,x,'
psdir='${docdir}'
runstatedir='${localstatedir}/run'
sbindir='${exec_prefix}/sbin'
sharedstatedir='${prefix}/com'
synfig_datadir='${datarootdir}/synfig'
sysconfdir='${prefix}/etc'
target_alias=''

## ----------- ##
## confdefs.h. ##
## ----------- ##

/* confdefs.h */
#define PACKAGE_NAME "Synfig Studio"
#define PACKAGE_TARNAME "synfigstudio"
#define PACKAGE_VERSION "1.5.1"
#define PACKAGE_STRING "Synfig Studio 1.5.1"
#define PACKAGE_BUGREPORT "https://github.com/synfig/synfig/issues"
#define PACKAGE_URL ""
#define PACKAGE "synfigstudio"
#define VERSION "1.5.1"
#define STDC_HEADERS 1
#define HAVE_SYS_TYPES_H 1
#define HAVE_SYS_STAT_H 1
#define HAVE_STDLIB_H 1
#define HAVE_STRING_H 1
#define HAVE_MEMORY_H 1
#define HAVE_STRINGS_H 1
#define HAVE_INTTYPES_H 1
#define HAVE_STDINT_H 1
#define HAVE_UNISTD_H 1
#define HAVE_DLFCN_H 1
#define LT_OBJDIR ".libs/"
#define GETTEXT_PACKAGE "synfigstudio"
#define ENABLE_NLS 1
#define HAVE_GETTEXT 1
#define HAVE_DCGETTEXT 1
#define WITH_JACK /**/
#define HAVE_UNISTD_H 1
#define HAVE_FCNTL_H 1
#define HAVE_SYS_TYPES_H 1
#define HAVE_SYS_STAT_H 1
#define HAVE_SYS_ERRNO_H 1
#define WITH_FONTCONFIG /**/

configure: exit 0
